#
# A fatal error has been detected by the Java Runtime Environment:
#
#  EXCEPTION_ACCESS_VIOLATION (0xc0000005) at pc=0x0000000180299cc0, pid=6320, tid=5136
#
# JRE version: Java(TM) SE Runtime Environment (8.0_45-b14) (build 1.8.0_45-b14)
# Java VM: Java HotSpot(TM) 64-Bit Server VM (25.45-b02 mixed mode windows-amd64 compressed oops)
# Problematic frame:
# C  [igdumd64.dll+0x299cc0]
#
# Failed to write core dump. Minidumps are not enabled by default on client versions of Windows
#
# If you would like to submit a bug report, please visit:
#   http://bugreport.java.com/bugreport/crash.jsp
# The crash happened outside the Java Virtual Machine in native code.
# See problematic frame for where to report the bug.
#

---------------  T H R E A D  ---------------

Current thread (0x00000000191ab000):  JavaThread "QuantumRenderer-0" daemon [_thread_in_native, id=5136, stack(0x00000000193e0000,0x00000000194e0000)]

siginfo: ExceptionCode=0xc0000005, reading address 0x00000000000000bd

Registers:
RAX=0x000000001b6feb00, RBX=0x000000000000004d, RCX=0x000000000000004d, RDX=0x00000000194dc71c
RSP=0x00000000194dc680, RBP=0x000000001b63f000, RSI=0x0000000000000000, RDI=0x00000000194dc71c
R8 =0x000000001b666d20, R9 =0x000000001b63f070, R10=0x000000001b6feb00, R11=0x000000000000004d
R12=0x0000000000000000, R13=0x000000001b666d20, R14=0x000000001b6ec2d0, R15=0x000000001b665a80
RIP=0x0000000180299cc0, EFLAGS=0x0000000000010246

Top of Stack: (sp=0x00000000194dc680)
0x00000000194dc680:   00000000194dc6d8 0000000000000000
0x00000000194dc690:   000000001b6ec2d0 000000001b63f040
0x00000000194dc6a0:   000000001b63f040 000000001b666d20
0x00000000194dc6b0:   000000001b6d6f90 000000018024ceee
0x00000000194dc6c0:   000000001b6fd990 0000000000000001
0x00000000194dc6d0:   000000001b63f000 00000000194dc7f0
0x00000000194dc6e0:   000000001b6ec2d0 000000001b7cb480
0x00000000194dc6f0:   00000000194dc708 0000000100000000
0x00000000194dc700:   000000001b7cb480 000000000000004d
0x00000000194dc710:   0000000100000001 00000001ffffffff
0x00000000194dc720:   000000001b7c5550 0000000100000001
0x00000000194dc730:   000000001b66dca0 000000001b719470
0x00000000194dc740:   000000000000004d 00000001805db880
0x00000000194dc750:   000000001b6ec2d0 000000001b6ec2d0
0x00000000194dc760:   000000001b665a80 000000001b666d20
0x00000000194dc770:   0000000000000000 0000000000000001 

Instructions: (pc=0x0000000180299cc0)
0x0000000180299ca0:   41 54 41 55 48 83 ec 20 45 33 e4 4d 8b e8 48 8b
0x0000000180299cb0:   fa 48 8b d9 c7 02 01 00 00 00 41 8b f4 0f 1f 00
0x0000000180299cc0:   3b 73 70 73 59 f6 07 01 41 8b ec 74 4a 0f 1f 00
0x0000000180299cd0:   8b 43 74 8d 0c 06 48 8b 83 88 00 00 00 3b 2c 88 


Register to memory mapping:

RAX=0x000000001b6feb00 is an unknown value
RBX=0x000000000000004d is an unknown value
RCX=0x000000000000004d is an unknown value
RDX=0x00000000194dc71c is pointing into the stack for thread: 0x00000000191ab000
RSP=0x00000000194dc680 is pointing into the stack for thread: 0x00000000191ab000
RBP=0x000000001b63f000 is an unknown value
RSI=0x0000000000000000 is an unknown value
RDI=0x00000000194dc71c is pointing into the stack for thread: 0x00000000191ab000
R8 =0x000000001b666d20 is an unknown value
R9 =0x000000001b63f070 is an unknown value
R10=0x000000001b6feb00 is an unknown value
R11=0x000000000000004d is an unknown value
R12=0x0000000000000000 is an unknown value
R13=0x000000001b666d20 is an unknown value
R14=0x000000001b6ec2d0 is an unknown value
R15=0x000000001b665a80 is an unknown value


Stack: [0x00000000193e0000,0x00000000194e0000],  sp=0x00000000194dc680,  free space=1009k
Native frames: (J=compiled Java code, j=interpreted, Vv=VM code, C=native code)
C  [igdumd64.dll+0x299cc0]
C  [igdumd64.dll+0x24ceee]
C  [igdumd64.dll+0x1a3267]
C  [igdumd64.dll+0x28bd1b]
C  [igdumd64.dll+0x293434]
C  [igdumd64.dll+0x2951e6]
C  [igdumd64.dll+0x4780c9]
C  [igdumd64.dll+0x4788bc]
C  [igdumd64.dll+0x478b68]
C  [igdumd64.dll+0x478e5b]
C  [igdumd64.dll+0x56326e]
C  [igdumd64.dll+0x476bac]
C  [igdumd64.dll+0x562086]
C  [igdumd64.dll+0x5621f2]
C  [igdumd64.dll+0x46fc82]
C  [igdumd64.dll+0x4669b0]
C  [igdumd64.dll+0x466d84]
C  [igdumd64.dll+0x357f69]
C  [igdumd64.dll+0x65548]
C  [igdumd64.dll+0x7d0ac]
C  [igdumd64.dll+0x7d6f0]
C  [igdumd64.dll+0x7e78f]
C  [igdumd64.dll+0x7b6bf]
C  [igdumd64.dll+0x42aa6]
C  [igdumd64.dll+0x26643]
C  [d3d9.dll+0x3c88f]
C  [prism_d3d.dll+0x3be1]
C  [prism_d3d.dll+0x454a]
C  0x0000000002b45874

Java frames: (J=compiled Java code, j=interpreted, Vv=VM code)
j  com.sun.prism.d3d.D3DVertexBuffer.nDrawIndexedQuads(J[F[BI)I+0
j  com.sun.prism.d3d.D3DVertexBuffer.drawQuads(I)V+13
j  com.sun.prism.impl.VertexBuffer.flush()V+12
j  com.sun.prism.impl.BaseContext.flushVertexBuffer()V+4
j  com.sun.prism.impl.ps.BaseShaderContext.setRenderTarget(Lcom/sun/prism/RenderTarget;Lcom/sun/javafx/sg/prism/NGCamera;ZZ)V+69
j  com.sun.prism.impl.BaseContext.setRenderTarget(Lcom/sun/prism/impl/BaseGraphics;)V+36
j  com.sun.prism.impl.BaseGraphics.<init>(Lcom/sun/prism/impl/BaseContext;Lcom/sun/prism/RenderTarget;)V+141
j  com.sun.prism.impl.ps.BaseShaderGraphics.<init>(Lcom/sun/prism/impl/ps/BaseShaderContext;Lcom/sun/prism/RenderTarget;)V+3
j  com.sun.prism.d3d.D3DGraphics.<init>(Lcom/sun/prism/d3d/D3DContext;Lcom/sun/prism/RenderTarget;)V+3
j  com.sun.prism.d3d.D3DGraphics.create(Lcom/sun/prism/RenderTarget;Lcom/sun/prism/d3d/D3DContext;)Lcom/sun/prism/Graphics;+51
j  com.sun.prism.d3d.D3DRTTexture.createGraphics()Lcom/sun/prism/Graphics;+5
j  com.sun.javafx.sg.prism.NGRegion.renderBackgroundRectangle(Lcom/sun/prism/Graphics;)V+341
j  com.sun.javafx.sg.prism.NGRegion.renderAsRectangle(Lcom/sun/prism/Graphics;)V+12
j  com.sun.javafx.sg.prism.NGRegion.renderContent(Lcom/sun/prism/Graphics;)V+106
j  com.sun.javafx.sg.prism.NGNode.doRender(Lcom/sun/prism/Graphics;)V+330
j  com.sun.javafx.sg.prism.NGNode.render(Lcom/sun/prism/Graphics;)V+34
j  com.sun.javafx.sg.prism.NGGroup.renderContent(Lcom/sun/prism/Graphics;)V+160
j  com.sun.javafx.sg.prism.NGRegion.renderContent(Lcom/sun/prism/Graphics;)V+111
j  com.sun.javafx.sg.prism.NGNode.doRender(Lcom/sun/prism/Graphics;)V+330
j  com.sun.javafx.sg.prism.NGNode.render(Lcom/sun/prism/Graphics;)V+34
j  com.sun.javafx.sg.prism.NGGroup.renderContent(Lcom/sun/prism/Graphics;)V+160
j  com.sun.javafx.sg.prism.NGRegion.renderContent(Lcom/sun/prism/Graphics;)V+111
j  com.sun.javafx.sg.prism.NGNode.renderOpacity(Lcom/sun/prism/Graphics;)V+241
j  com.sun.javafx.sg.prism.NGNode.doRender(Lcom/sun/prism/Graphics;)V+235
j  com.sun.javafx.sg.prism.NGNode.render(Lcom/sun/prism/Graphics;)V+34
j  com.sun.javafx.sg.prism.NGGroup.renderContent(Lcom/sun/prism/Graphics;)V+160
j  com.sun.javafx.sg.prism.NGNode.doRender(Lcom/sun/prism/Graphics;)V+330
j  com.sun.javafx.sg.prism.NGNode.render(Lcom/sun/prism/Graphics;)V+34
j  com.sun.javafx.tk.quantum.ViewPainter.doPaint(Lcom/sun/prism/Graphics;Lcom/sun/javafx/sg/prism/NodePath;)V+201
j  com.sun.javafx.tk.quantum.ViewPainter.paintImpl(Lcom/sun/prism/Graphics;)V+975
j  com.sun.javafx.tk.quantum.PresentingPainter.run()V+326
j  java.util.concurrent.Executors$RunnableAdapter.call()Ljava/lang/Object;+4
j  java.util.concurrent.FutureTask.runAndReset()Z+47
j  com.sun.javafx.tk.RenderJob.run()V+1
j  java.util.concurrent.ThreadPoolExecutor.runWorker(Ljava/util/concurrent/ThreadPoolExecutor$Worker;)V+95
j  java.util.concurrent.ThreadPoolExecutor$Worker.run()V+5
j  com.sun.javafx.tk.quantum.QuantumRenderer$PipelineRunnable.run()V+8
j  java.lang.Thread.run()V+11
v  ~StubRoutines::call_stub

---------------  P R O C E S S  ---------------

Java Threads: ( => current thread )
  0x0000000019685800 JavaThread "Prism Font Disposer" daemon [_thread_blocked, id=336, stack(0x000000001d170000,0x000000001d270000)]
  0x000000001956a000 JavaThread "Thread-3" daemon [_thread_in_native, id=5560, stack(0x000000001ba90000,0x000000001bb90000)]
  0x00000000191bb000 JavaThread "JavaFX-Launcher" [_thread_blocked, id=5564, stack(0x000000001bb90000,0x000000001bc90000)]
  0x0000000019189000 JavaThread "JavaFX Application Thread" [_thread_blocked, id=2132, stack(0x0000000019ff0000,0x000000001a0f0000)]
  0x00000000191aa000 JavaThread "Thread-1" daemon [_thread_blocked, id=4296, stack(0x0000000019e20000,0x0000000019f20000)]
=>0x00000000191ab000 JavaThread "QuantumRenderer-0" daemon [_thread_in_native, id=5136, stack(0x00000000193e0000,0x00000000194e0000)]
  0x0000000018e00800 JavaThread "Service Thread" daemon [_thread_blocked, id=5604, stack(0x00000000191e0000,0x00000000192e0000)]
  0x0000000017586800 JavaThread "C1 CompilerThread2" daemon [_thread_blocked, id=3704, stack(0x0000000018ce0000,0x0000000018de0000)]
  0x000000001757f800 JavaThread "C2 CompilerThread1" daemon [_thread_in_native, id=6732, stack(0x0000000018be0000,0x0000000018ce0000)]
  0x000000001757d000 JavaThread "C2 CompilerThread0" daemon [_thread_blocked, id=6608, stack(0x0000000018ae0000,0x0000000018be0000)]
  0x000000001757b800 JavaThread "Attach Listener" daemon [_thread_blocked, id=1860, stack(0x00000000189e0000,0x0000000018ae0000)]
  0x000000001757a800 JavaThread "Signal Dispatcher" daemon [_thread_blocked, id=7120, stack(0x00000000188e0000,0x00000000189e0000)]
  0x0000000002b26000 JavaThread "Finalizer" daemon [_thread_blocked, id=4336, stack(0x00000000187e0000,0x00000000188e0000)]
  0x0000000002b1d000 JavaThread "Reference Handler" daemon [_thread_blocked, id=7016, stack(0x00000000186e0000,0x00000000187e0000)]
  0x0000000002a30800 JavaThread "main" [_thread_blocked, id=6176, stack(0x0000000002890000,0x0000000002990000)]

Other Threads:
  0x0000000017547800 VMThread [stack: 0x00000000185e0000,0x00000000186e0000] [id=5512]
  0x00000000175de800 WatcherThread [stack: 0x00000000192e0000,0x00000000193e0000] [id=3416]

VM state:not at safepoint (normal execution)

VM Mutex/Monitor currently owned by a thread: None

Heap:
 PSYoungGen      total 37888K, used 34236K [0x00000000d6600000, 0x00000000db000000, 0x0000000100000000)
  eden space 32768K, 90% used [0x00000000d6600000,0x00000000d83071e8,0x00000000d8600000)
  from space 5120K, 88% used [0x00000000d8b00000,0x00000000d8f68040,0x00000000d9000000)
  to   space 5120K, 0% used [0x00000000d8600000,0x00000000d8600000,0x00000000d8b00000)
 ParOldGen       total 86016K, used 96K [0x0000000083200000, 0x0000000088600000, 0x00000000d6600000)
  object space 86016K, 0% used [0x0000000083200000,0x0000000083218010,0x0000000088600000)
 Metaspace       used 17528K, capacity 18502K, committed 18816K, reserved 1064960K
  class space    used 2620K, capacity 2833K, committed 2944K, reserved 1048576K

Card table byte_map: [0x0000000011ef0000,0x00000000122e0000] byte_map_base: 0x0000000011ad7000

Marking Bits: (ParMarkBitMap*) 0x000000006ae54040
 Begin Bits: [0x0000000012980000, 0x00000000148b8000)
 End Bits:   [0x00000000148b8000, 0x00000000167f0000)

Polling page: 0x00000000010b0000

CodeCache: size=245760Kb used=6698Kb max_used=6698Kb free=239061Kb
 bounds [0x0000000002b30000, 0x00000000031c0000, 0x0000000011b30000]
 total_blobs=2518 nmethods=1885 adapters=546
 compilation: enabled

Compilation events (10 events):
Event: 4.472 Thread 0x0000000017586800 nmethod 1881 0x00000000031b6350 code [0x00000000031b64a0, 0x00000000031b6610]
Event: 4.472 Thread 0x0000000017586800 1880       3       com.sun.prism.paint.Color::getGreenPremult (10 bytes)
Event: 4.472 Thread 0x0000000017586800 nmethod 1880 0x00000000031b6690 code [0x00000000031b67e0, 0x00000000031b6950]
Event: 4.474 Thread 0x0000000017586800 1883       3       com.sun.javafx.geom.RectBounds::getMinX (5 bytes)
Event: 4.474 Thread 0x0000000017586800 nmethod 1883 0x00000000031b69d0 code [0x00000000031b6b20, 0x00000000031b6c70]
Event: 4.481 Thread 0x0000000017586800 1884       3       java.nio.charset.CoderResult::isError (14 bytes)
Event: 4.482 Thread 0x0000000017586800 nmethod 1884 0x00000000031b6f50 code [0x00000000031b70a0, 0x00000000031b7250]
Event: 4.483 Thread 0x0000000017586800 1885       3       java.io.WinNTFileSystem::normalize (231 bytes)
Event: 4.487 Thread 0x0000000017586800 nmethod 1885 0x00000000031b74d0 code [0x00000000031b78c0, 0x00000000031bac88]
Event: 4.487 Thread 0x0000000017586800 1886       3       com.sun.javafx.tk.quantum.QuantumToolkit$$Lambda$41/1006101041::run (8 bytes)

GC Heap History (4 events):
Event: 2.145 GC heap before
{Heap before GC invocations=1 (full 0):
 PSYoungGen      total 37888K, used 32768K [0x00000000d6600000, 0x00000000d9000000, 0x0000000100000000)
  eden space 32768K, 100% used [0x00000000d6600000,0x00000000d8600000,0x00000000d8600000)
  from space 5120K, 0% used [0x00000000d8b00000,0x00000000d8b00000,0x00000000d9000000)
  to   space 5120K, 0% used [0x00000000d8600000,0x00000000d8600000,0x00000000d8b00000)
 ParOldGen       total 86016K, used 0K [0x0000000083200000, 0x0000000088600000, 0x00000000d6600000)
  object space 86016K, 0% used [0x0000000083200000,0x0000000083200000,0x0000000088600000)
 Metaspace       used 12155K, capacity 12716K, committed 12928K, reserved 1060864K
  class space    used 1641K, capacity 1808K, committed 1920K, reserved 1048576K
Event: 2.156 GC heap after
Heap after GC invocations=1 (full 0):
 PSYoungGen      total 37888K, used 3840K [0x00000000d6600000, 0x00000000d9000000, 0x0000000100000000)
  eden space 32768K, 0% used [0x00000000d6600000,0x00000000d6600000,0x00000000d8600000)
  from space 5120K, 75% used [0x00000000d8600000,0x00000000d89c0040,0x00000000d8b00000)
  to   space 5120K, 0% used [0x00000000d8b00000,0x00000000d8b00000,0x00000000d9000000)
 ParOldGen       total 86016K, used 80K [0x0000000083200000, 0x0000000088600000, 0x00000000d6600000)
  object space 86016K, 0% used [0x0000000083200000,0x0000000083214010,0x0000000088600000)
 Metaspace       used 12155K, capacity 12716K, committed 12928K, reserved 1060864K
  class space    used 1641K, capacity 1808K, committed 1920K, reserved 1048576K
}
Event: 2.656 GC heap before
{Heap before GC invocations=2 (full 0):
 PSYoungGen      total 37888K, used 36608K [0x00000000d6600000, 0x00000000d9000000, 0x0000000100000000)
  eden space 32768K, 100% used [0x00000000d6600000,0x00000000d8600000,0x00000000d8600000)
  from space 5120K, 75% used [0x00000000d8600000,0x00000000d89c0040,0x00000000d8b00000)
  to   space 5120K, 0% used [0x00000000d8b00000,0x00000000d8b00000,0x00000000d9000000)
 ParOldGen       total 86016K, used 80K [0x0000000083200000, 0x0000000088600000, 0x00000000d6600000)
  object space 86016K, 0% used [0x0000000083200000,0x0000000083214010,0x0000000088600000)
 Metaspace       used 13687K, capacity 14424K, committed 14720K, reserved 1062912K
  class space    used 1871K, capacity 2054K, committed 2176K, reserved 1048576K
Event: 2.665 GC heap after
Heap after GC invocations=2 (full 0):
 PSYoungGen      total 37888K, used 4512K [0x00000000d6600000, 0x00000000db000000, 0x0000000100000000)
  eden space 32768K, 0% used [0x00000000d6600000,0x00000000d6600000,0x00000000d8600000)
  from space 5120K, 88% used [0x00000000d8b00000,0x00000000d8f68040,0x00000000d9000000)
  to   space 5120K, 0% used [0x00000000d8600000,0x00000000d8600000,0x00000000d8b00000)
 ParOldGen       total 86016K, used 96K [0x0000000083200000, 0x0000000088600000, 0x00000000d6600000)
  object space 86016K, 0% used [0x0000000083200000,0x0000000083218010,0x0000000088600000)
 Metaspace       used 13687K, capacity 14424K, committed 14720K, reserved 1062912K
  class space    used 1871K, capacity 2054K, committed 2176K, reserved 1048576K
}

Deoptimization events (10 events):
Event: 4.158 Thread 0x0000000019189000 Uncommon trap: reason=class_check action=maybe_recompile pc=0x0000000002d92ba0 method=java.io.DataInputStream.readShort()S @ 4
Event: 4.158 Thread 0x0000000019189000 Uncommon trap: reason=class_check action=maybe_recompile pc=0x0000000002d92ba0 method=java.io.DataInputStream.readShort()S @ 4
Event: 4.159 Thread 0x0000000019189000 Uncommon trap: reason=class_check action=maybe_recompile pc=0x0000000002d92ba0 method=java.io.DataInputStream.readShort()S @ 4
Event: 4.159 Thread 0x0000000019189000 Uncommon trap: reason=class_check action=maybe_recompile pc=0x0000000002d92ba0 method=java.io.DataInputStream.readShort()S @ 4
Event: 4.171 Thread 0x0000000019189000 Uncommon trap: reason=class_check action=maybe_recompile pc=0x0000000002c58f30 method=java.lang.String.equals(Ljava/lang/Object;)Z @ 8
Event: 4.171 Thread 0x0000000019189000 Uncommon trap: reason=class_check action=maybe_recompile pc=0x0000000002c58f30 method=java.lang.String.equals(Ljava/lang/Object;)Z @ 8
Event: 4.172 Thread 0x0000000019189000 Uncommon trap: reason=class_check action=maybe_recompile pc=0x0000000002c58f30 method=java.lang.String.equals(Ljava/lang/Object;)Z @ 8
Event: 4.174 Thread 0x0000000019189000 Uncommon trap: reason=class_check action=maybe_recompile pc=0x0000000002c58f30 method=java.lang.String.equals(Ljava/lang/Object;)Z @ 8
Event: 4.238 Thread 0x0000000019189000 Uncommon trap: reason=unstable_if action=reinterpret pc=0x00000000030f186c method=java.lang.ClassLoader.checkName(Ljava/lang/String;)Z @ 20
Event: 4.358 Thread 0x0000000019189000 Uncommon trap: reason=unstable_if action=reinterpret pc=0x0000000003074ce8 method=jdk.internal.org.objectweb.asm.Type.getArgumentsAndReturnSizes(Ljava/lang/String;)I @ 47

Internal exceptions (10 events):
Event: 2.649 Thread 0x0000000019189000 Exception <a 'java/lang/reflect/InvocationTargetException'> (0x00000000d85e99a0) thrown at [C:\re\workspace\8-2-build-windows-amd64-cygwin\jdk8u45\3457\hotspot\src\share\vm\runtime\reflection.cpp, line 1080]
Event: 2.915 Thread 0x0000000019189000 Exception <a 'java/lang/NullPointerException'> (0x00000000d74d4a38) thrown at [C:\re\workspace\8-2-build-windows-amd64-cygwin\jdk8u45\3457\hotspot\src\share\vm\interpreter\linkResolver.cpp, line 1178]
Event: 2.926 Thread 0x0000000019189000 Exception <a 'java/lang/NullPointerException'> (0x00000000d74dd4b0) thrown at [C:\re\workspace\8-2-build-windows-amd64-cygwin\jdk8u45\3457\hotspot\src\share\vm\interpreter\linkResolver.cpp, line 1178]
Event: 2.931 Thread 0x0000000019189000 Exception <a 'java/lang/NullPointerException'> (0x00000000d74e5698) thrown at [C:\re\workspace\8-2-build-windows-amd64-cygwin\jdk8u45\3457\hotspot\src\share\vm\interpreter\linkResolver.cpp, line 1178]
Event: 2.931 Thread 0x0000000019189000 Exception <a 'java/lang/reflect/InvocationTargetException'> (0x00000000d74e5848) thrown at [C:\re\workspace\8-2-build-windows-amd64-cygwin\jdk8u45\3457\hotspot\src\share\vm\runtime\reflection.cpp, line 1080]
Event: 3.992 Thread 0x0000000019189000 Exception <a 'java/net/ConnectException': Connection refused: connect> (0x00000000d78182c8) thrown at [C:\re\workspace\8-2-build-windows-amd64-cygwin\jdk8u45\3457\hotspot\src\share\vm\prims\jni.cpp, line 735]
Event: 3.995 Thread 0x0000000019189000 Exception <a 'java/lang/NullPointerException'> (0x00000000d7826ef0) thrown at [C:\re\workspace\8-2-build-windows-amd64-cygwin\jdk8u45\3457\hotspot\src\share\vm\interpreter\linkResolver.cpp, line 1280]
Event: 3.995 Thread 0x0000000019189000 Exception <a 'java/lang/reflect/InvocationTargetException'> (0x00000000d78270a0) thrown at [C:\re\workspace\8-2-build-windows-amd64-cygwin\jdk8u45\3457\hotspot\src\share\vm\runtime\reflection.cpp, line 1080]
Event: 4.056 Thread 0x0000000019189000 Implicit null exception at 0x0000000002f260f5 to 0x0000000002f26309
Event: 4.056 Thread 0x0000000019189000 Implicit null exception at 0x0000000002f9b9bb to 0x0000000002f9c305

Events (10 events):
Event: 4.476 loading class com/sun/prism/impl/GlyphCache
Event: 4.476 loading class com/sun/prism/impl/GlyphCache done
Event: 4.482 loading class com/sun/prism/shader/Solid_TextureFirstPassLCD_Loader
Event: 4.482 loading class com/sun/prism/shader/Solid_TextureFirstPassLCD_Loader done
Event: 4.483 loading class com/sun/prism/shader/Solid_TextureSecondPassLCD_Loader
Event: 4.483 loading class com/sun/prism/shader/Solid_TextureSecondPassLCD_Loader done
Event: 4.484 loading class com/sun/prism/impl/GlyphCache$GlyphData
Event: 4.484 loading class com/sun/prism/impl/GlyphCache$GlyphData done
Event: 4.484 loading class com/sun/javafx/font/directwrite/IDWriteGlyphRunAnalysis
Event: 4.484 loading class com/sun/javafx/font/directwrite/IDWriteGlyphRunAnalysis done


Dynamic libraries:
0x00007ff68e360000 - 0x00007ff68e397000 	C:\Program Files\Java\jre1.8.0_45\bin\javaw.exe
0x00007ffe8e330000 - 0x00007ffe8e4dc000 	C:\Windows\SYSTEM32\ntdll.dll
0x00007ffe8d890000 - 0x00007ffe8d9ce000 	C:\Windows\system32\KERNEL32.DLL
0x00007ffe8b7e0000 - 0x00007ffe8b8f5000 	C:\Windows\system32\KERNELBASE.dll
0x00007ffe89a50000 - 0x00007ffe89ade000 	C:\Windows\system32\apphelp.dll
0x00007ffe81b00000 - 0x00007ffe81b53000 	C:\Windows\AppPatch\AppPatch64\AcGenral.DLL
0x00007ffe8c1f0000 - 0x00007ffe8c29a000 	C:\Windows\system32\msvcrt.dll
0x00007ffe8b2b0000 - 0x00007ffe8b2de000 	C:\Windows\SYSTEM32\SspiCli.dll
0x00007ffe8c190000 - 0x00007ffe8c1e4000 	C:\Windows\system32\SHLWAPI.dll
0x00007ffe8bd60000 - 0x00007ffe8bed7000 	C:\Windows\system32\USER32.dll
0x00007ffe8df10000 - 0x00007ffe8e0a4000 	C:\Windows\system32\ole32.dll
0x00007ffe8c360000 - 0x00007ffe8d878000 	C:\Windows\system32\SHELL32.dll
0x00007ffe8aa10000 - 0x00007ffe8aa31000 	C:\Windows\SYSTEM32\USERENV.dll
0x00007ffe8bcb0000 - 0x00007ffe8bd5a000 	C:\Windows\system32\ADVAPI32.dll
0x00007ffe80920000 - 0x00007ffe8093e000 	C:\Windows\SYSTEM32\MPR.dll
0x00007ffe8d9d0000 - 0x00007ffe8db11000 	C:\Windows\system32\RPCRT4.dll
0x00007ffe8c130000 - 0x00007ffe8c189000 	C:\Windows\SYSTEM32\sechost.dll
0x00007ffe8e0b0000 - 0x00007ffe8e2c1000 	C:\Windows\SYSTEM32\combase.dll
0x00007ffe8dc50000 - 0x00007ffe8dda1000 	C:\Windows\system32\GDI32.dll
0x00007ffe8b480000 - 0x00007ffe8b495000 	C:\Windows\SYSTEM32\profapi.dll
0x00007ffe86d90000 - 0x00007ffe86e42000 	C:\Windows\SYSTEM32\SHCORE.dll
0x00007ffe8e2f0000 - 0x00007ffe8e326000 	C:\Windows\system32\IMM32.DLL
0x00007ffe8ddb0000 - 0x00007ffe8df02000 	C:\Windows\system32\MSCTF.dll
0x00007ffe8a520000 - 0x00007ffe8a79b000 	C:\Windows\WinSxS\amd64_microsoft.windows.common-controls_6595b64144ccf1df_6.0.9600.17415_none_6240486fecbd8abb\COMCTL32.dll
0x000000006a4a0000 - 0x000000006a572000 	C:\Program Files\Java\jre1.8.0_45\bin\msvcr100.dll
0x000000006a650000 - 0x000000006aed3000 	C:\Program Files\Java\jre1.8.0_45\bin\server\jvm.dll
0x00007ffe78970000 - 0x00007ffe78979000 	C:\Windows\SYSTEM32\WSOCK32.dll
0x00007ffe7fdf0000 - 0x00007ffe7fe12000 	C:\Windows\SYSTEM32\WINMM.dll
0x00007ffe8a4c0000 - 0x00007ffe8a4ca000 	C:\Windows\SYSTEM32\VERSION.dll
0x00007ffe8c120000 - 0x00007ffe8c127000 	C:\Windows\system32\PSAPI.DLL
0x00007ffe8db20000 - 0x00007ffe8db7a000 	C:\Windows\system32\WS2_32.dll
0x00007ffe7fdc0000 - 0x00007ffe7fdea000 	C:\Windows\SYSTEM32\WINMMBASE.dll
0x00007ffe8bc30000 - 0x00007ffe8bc39000 	C:\Windows\system32\NSI.dll
0x00007ffe8b790000 - 0x00007ffe8b7df000 	C:\Windows\SYSTEM32\cfgmgr32.dll
0x00007ffe89cc0000 - 0x00007ffe89ce8000 	C:\Windows\SYSTEM32\DEVOBJ.dll
0x000000006a640000 - 0x000000006a64f000 	C:\Program Files\Java\jre1.8.0_45\bin\verify.dll
0x000000006a610000 - 0x000000006a639000 	C:\Program Files\Java\jre1.8.0_45\bin\java.dll
0x000000006a5f0000 - 0x000000006a606000 	C:\Program Files\Java\jre1.8.0_45\bin\zip.dll
0x000000006a470000 - 0x000000006a49c000 	C:\Program Files\Java\jre1.8.0_45\bin\prism_d3d.dll
0x00007ffe80c30000 - 0x00007ffe80e51000 	C:\Windows\system32\d3d9.dll
0x00007ffe86b60000 - 0x00007ffe86b81000 	C:\Windows\SYSTEM32\dwmapi.dll
0x00007ffe89b20000 - 0x00007ffe89c49000 	C:\Windows\system32\uxtheme.dll
0x0000000180000000 - 0x0000000180806000 	C:\Windows\SYSTEM32\igdumd64.dll
0x000000006a420000 - 0x000000006a461000 	C:\Program Files\Java\jre1.8.0_45\bin\glass.dll
0x00007ffe8c2a0000 - 0x00007ffe8c356000 	C:\Windows\system32\COMDLG32.dll
0x00007ffe8bb60000 - 0x00007ffe8bc21000 	C:\Windows\system32\OLEAUT32.dll
0x00007ffe7fe30000 - 0x00007ffe7fedb000 	C:\Program Files\Common Files\microsoft shared\ink\tiptsf.dll
0x00007ffe89cf0000 - 0x00007ffe89cfb000 	C:\Windows\SYSTEM32\kernel.appcore.dll
0x00007ffe8b350000 - 0x00007ffe8b35b000 	C:\Windows\SYSTEM32\CRYPTBASE.dll
0x00007ffe8b2e0000 - 0x00007ffe8b343000 	C:\Windows\SYSTEM32\bcryptPrimitives.dll
0x000000006a400000 - 0x000000006a415000 	C:\Program Files\Java\jre1.8.0_45\bin\javafx_font.dll
0x00007ffe85520000 - 0x00007ffe8570e000 	C:\Windows\SYSTEM32\dwrite.dll
0x00007ffe8ad40000 - 0x00007ffe8ad60000 	C:\Windows\SYSTEM32\CRYPTSP.dll
0x00007ffe8a920000 - 0x00007ffe8a956000 	C:\Windows\system32\rsaenh.dll
0x00007ffe8afa0000 - 0x00007ffe8afc6000 	C:\Windows\SYSTEM32\bcrypt.dll
0x000000006a5d0000 - 0x000000006a5ea000 	C:\Program Files\Java\jre1.8.0_45\bin\net.dll
0x00007ffe8ace0000 - 0x00007ffe8ad39000 	C:\Windows\system32\mswsock.dll
0x00007ffe882c0000 - 0x00007ffe882ea000 	C:\Windows\SYSTEM32\IPHLPAPI.DLL
0x00007ffe882b0000 - 0x00007ffe882ba000 	C:\Windows\SYSTEM32\WINNSI.DLL
0x00007ffe87880000 - 0x00007ffe87896000 	C:\Windows\SYSTEM32\dhcpcsvc6.DLL
0x00007ffe87910000 - 0x00007ffe8792a000 	C:\Windows\SYSTEM32\dhcpcsvc.DLL
0x000000006a5b0000 - 0x000000006a5c1000 	C:\Program Files\Java\jre1.8.0_45\bin\nio.dll
0x00007ffe80840000 - 0x00007ffe80855000 	C:\Windows\system32\napinsp.dll
0x00007ffe808e0000 - 0x00007ffe808fa000 	C:\Windows\system32\pnrpnsp.dll
0x00007ffe89740000 - 0x00007ffe8975b000 	C:\Windows\system32\NLAapi.dll
0x00007ffe8ab60000 - 0x00007ffe8ac04000 	C:\Windows\SYSTEM32\DNSAPI.dll
0x00007ffe80900000 - 0x00007ffe8090d000 	C:\Windows\System32\winrnr.dll
0x00007ffe80940000 - 0x00007ffe80954000 	C:\Windows\system32\wshbth.dll
0x00007ffe832b0000 - 0x00007ffe832ba000 	C:\Windows\System32\rasadhlp.dll
0x00007ffe877c0000 - 0x00007ffe8782b000 	C:\Windows\System32\fwpuclnt.dll
0x00007ffe8db90000 - 0x00007ffe8dc46000 	C:\Windows\SYSTEM32\clbcatq.dll
0x00007ffe86500000 - 0x00007ffe866ae000 	C:\Windows\SYSTEM32\WindowsCodecs.dll
0x00007ffe70790000 - 0x00007ffe707be000 	C:\Program Files\Common Files\Microsoft Shared\Ink\rtscom.dll
0x00007ffe85350000 - 0x00007ffe853ba000 	C:\Windows\SYSTEM32\oleacc.dll
0x000000006a3e0000 - 0x000000006a3f1000 	C:\Program Files\Java\jre1.8.0_45\bin\prism_common.dll
0x00007ffe89090000 - 0x00007ffe8921a000 	C:\Windows\SYSTEM32\dbghelp.dll

VM Arguments:
jvm_args: -Dfile.encoding=Cp1252 
java_command: view.MainView
java_class_path (initial): C:\Users\anish_000\Documents\COM S 309\Git\team-11\GameClient\bin;C:\Users\anish_000\Documents\eclipse\plugins\org.eclipse.fx.ide.css.jfx8_1.2.0.201501301049.jar;C:\Users\anish_000\Documents\COM S 309\Git\team-11\main\SuperAwsomeCardGame\bin;C:\Users\anish_000\Documents\eclipse\plugins\org.junit_4.11.0.v201303080030\junit.jar;C:\Users\anish_000\Documents\eclipse\plugins\org.hamcrest.core_1.3.0.v201303031735.jar;C:\Users\anish_000\Documents\COM S 309\Git\team-11\main\SuperAwsomeCardGame\src\lib\mysql-connector-java-5.0.5.jar
Launcher Type: SUN_STANDARD

Environment Variables:
PATH=C:/Program Files/Java/jre1.8.0_45/bin/server;C:/Program Files/Java/jre1.8.0_45/bin;C:/Program Files/Java/jre1.8.0_45/lib/amd64;C:\ProgramData\Oracle\Java\javapath;C:\Windows\system32;C:\Windows;C:\Windows\System32\Wbem;C:\Windows\System32\WindowsPowerShell\v1.0\;C:\Program Files\OpenVPN\bin;C:\Program Files (x86)\QuickTime\QTSystem\;C:\Program Files (x86)\Windows Kits\8.1\Windows Performance Toolkit\;C:\Program Files\Microsoft SQL Server\110\Tools\Binn\;C:\Program Files (x86)\Microsoft SDKs\TypeScript\1.0\;C:\Program Files\Microsoft SQL Server\120\Tools\Binn\;C:\Users\anish_000\Documents\eclipse;
USERNAME=anish_000
OS=Windows_NT
PROCESSOR_IDENTIFIER=Intel64 Family 6 Model 37 Stepping 5, GenuineIntel



---------------  S Y S T E M  ---------------

OS: Windows 8.1 , 64 bit Build 9600 (6.3.9600.17415)

CPU:total 4 (2 cores per cpu, 2 threads per core) family 6 model 37 stepping 5, cmov, cx8, fxsr, mmx, sse, sse2, sse3, ssse3, sse4.1, sse4.2, popcnt, aes, clmul, ht, tsc, tscinvbit

Memory: 4k page, physical 8179368k(4720172k free), swap 9490088k(5178744k free)

vm_info: Java HotSpot(TM) 64-Bit Server VM (25.45-b02) for windows-amd64 JRE (1.8.0_45-b14), built on Apr 10 2015 10:34:15 by "java_re" with MS VC++ 10.0 (VS2010)

time: Thu Apr 23 08:43:50 2015
elapsed time: 4 seconds (0d 0h 0m 4s)

