#
# A fatal error has been detected by the Java Runtime Environment:
#
#  EXCEPTION_ACCESS_VIOLATION (0xc0000005) at pc=0x0000000180299cc0, pid=5708, tid=1868
#
# JRE version: Java(TM) SE Runtime Environment (8.0_45-b14) (build 1.8.0_45-b14)
# Java VM: Java HotSpot(TM) 64-Bit Server VM (25.45-b02 mixed mode windows-amd64 compressed oops)
# Problematic frame:
# C  [igdumd64.dll+0x299cc0]
#
# Failed to write core dump. Minidumps are not enabled by default on client versions of Windows
#
# If you would like to submit a bug report, please visit:
#   http://bugreport.java.com/bugreport/crash.jsp
# The crash happened outside the Java Virtual Machine in native code.
# See problematic frame for where to report the bug.
#

---------------  T H R E A D  ---------------

Current thread (0x0000000018f92000):  JavaThread "QuantumRenderer-0" daemon [_thread_in_native, id=1868, stack(0x0000000019270000,0x0000000019370000)]

siginfo: ExceptionCode=0xc0000005, reading address 0x00000000000000bd

Registers:
RAX=0x000000001ad3d6f0, RBX=0x000000000000004d, RCX=0x000000000000004d, RDX=0x000000001936c97c
RSP=0x000000001936c8e0, RBP=0x000000001ac7f000, RSI=0x0000000000000000, RDI=0x000000001936c97c
R8 =0x000000001aca72a0, R9 =0x000000001ac7f070, R10=0x000000001ad3d6f0, R11=0x000000000000004d
R12=0x0000000000000000, R13=0x000000001aca72a0, R14=0x000000001ad2c2d0, R15=0x000000001aca58a0
RIP=0x0000000180299cc0, EFLAGS=0x0000000000010246

Top of Stack: (sp=0x000000001936c8e0)
0x000000001936c8e0:   000000001936c938 0000000000000000
0x000000001936c8f0:   000000001ad2c2d0 000000001ac7f040
0x000000001936c900:   000000001ac7f040 000000001aca72a0
0x000000001936c910:   000000001ad18190 000000018024ceee
0x000000001936c920:   000000001ad3ebc0 0000000000000001
0x000000001936c930:   000000001ac7f000 000000001936ca50
0x000000001936c940:   000000001ad2c2d0 000000001ae0b600
0x000000001936c950:   000000001936c968 0000000100000000
0x000000001936c960:   000000001ae0b600 000000000000004d
0x000000001936c970:   0000000100000001 00000001ffffffff
0x000000001936c980:   000000001ae04a70 0000000100000001
0x000000001936c990:   000000001acadca0 000000001ad59470
0x000000001936c9a0:   000000000000004d 00000001805db880
0x000000001936c9b0:   000000001ad2c2d0 000000001ad2c2d0
0x000000001936c9c0:   000000001aca58a0 000000001aca72a0
0x000000001936c9d0:   0000000000000000 0000000000000001 

Instructions: (pc=0x0000000180299cc0)
0x0000000180299ca0:   41 54 41 55 48 83 ec 20 45 33 e4 4d 8b e8 48 8b
0x0000000180299cb0:   fa 48 8b d9 c7 02 01 00 00 00 41 8b f4 0f 1f 00
0x0000000180299cc0:   3b 73 70 73 59 f6 07 01 41 8b ec 74 4a 0f 1f 00
0x0000000180299cd0:   8b 43 74 8d 0c 06 48 8b 83 88 00 00 00 3b 2c 88 


Register to memory mapping:

RAX=0x000000001ad3d6f0 is an unknown value
RBX=0x000000000000004d is an unknown value
RCX=0x000000000000004d is an unknown value
RDX=0x000000001936c97c is pointing into the stack for thread: 0x0000000018f92000
RSP=0x000000001936c8e0 is pointing into the stack for thread: 0x0000000018f92000
RBP=0x000000001ac7f000 is an unknown value
RSI=0x0000000000000000 is an unknown value
RDI=0x000000001936c97c is pointing into the stack for thread: 0x0000000018f92000
R8 =0x000000001aca72a0 is an unknown value
R9 =0x000000001ac7f070 is an unknown value
R10=0x000000001ad3d6f0 is an unknown value
R11=0x000000000000004d is an unknown value
R12=0x0000000000000000 is an unknown value
R13=0x000000001aca72a0 is an unknown value
R14=0x000000001ad2c2d0 is an unknown value
R15=0x000000001aca58a0 is an unknown value


Stack: [0x0000000019270000,0x0000000019370000],  sp=0x000000001936c8e0,  free space=1010k
Native frames: (J=compiled Java code, j=interpreted, Vv=VM code, C=native code)
C  [igdumd64.dll+0x299cc0]
C  [igdumd64.dll+0x24ceee]
C  [igdumd64.dll+0x1a3267]
C  [igdumd64.dll+0x28bd1b]
C  [igdumd64.dll+0x293434]
C  [igdumd64.dll+0x2951e6]
C  [igdumd64.dll+0x4780c9]
C  [igdumd64.dll+0x4788bc]
C  [igdumd64.dll+0x478b68]
C  [igdumd64.dll+0x478e5b]
C  [igdumd64.dll+0x56326e]
C  [igdumd64.dll+0x476bac]
C  [igdumd64.dll+0x562086]
C  [igdumd64.dll+0x5621f2]
C  [igdumd64.dll+0x46fc82]
C  [igdumd64.dll+0x4669b0]
C  [igdumd64.dll+0x466d84]
C  [igdumd64.dll+0x357f69]
C  [igdumd64.dll+0x65548]
C  [igdumd64.dll+0x7d0ac]
C  [igdumd64.dll+0x7d6f0]
C  [igdumd64.dll+0x7e78f]
C  [igdumd64.dll+0x7b6bf]
C  [igdumd64.dll+0x42aa6]
C  [igdumd64.dll+0x26643]
C  [d3d9.dll+0x3c88f]
C  [prism_d3d.dll+0x3be1]
C  [prism_d3d.dll+0x454a]
C  0x00000000029c5874

Java frames: (J=compiled Java code, j=interpreted, Vv=VM code)
j  com.sun.prism.d3d.D3DVertexBuffer.nDrawIndexedQuads(J[F[BI)I+0
j  com.sun.prism.d3d.D3DVertexBuffer.drawQuads(I)V+13
j  com.sun.prism.impl.VertexBuffer.flush()V+12
j  com.sun.prism.impl.BaseContext.flushVertexBuffer()V+4
j  com.sun.prism.impl.ps.BaseShaderContext.setRenderTarget(Lcom/sun/prism/RenderTarget;Lcom/sun/javafx/sg/prism/NGCamera;ZZ)V+69
j  com.sun.prism.impl.BaseContext.setRenderTarget(Lcom/sun/prism/impl/BaseGraphics;)V+36
j  com.sun.prism.impl.BaseGraphics.<init>(Lcom/sun/prism/impl/BaseContext;Lcom/sun/prism/RenderTarget;)V+141
j  com.sun.prism.impl.ps.BaseShaderGraphics.<init>(Lcom/sun/prism/impl/ps/BaseShaderContext;Lcom/sun/prism/RenderTarget;)V+3
j  com.sun.prism.d3d.D3DGraphics.<init>(Lcom/sun/prism/d3d/D3DContext;Lcom/sun/prism/RenderTarget;)V+3
j  com.sun.prism.d3d.D3DGraphics.create(Lcom/sun/prism/RenderTarget;Lcom/sun/prism/d3d/D3DContext;)Lcom/sun/prism/Graphics;+51
j  com.sun.prism.d3d.D3DRTTexture.createGraphics()Lcom/sun/prism/Graphics;+5
j  com.sun.javafx.sg.prism.NGRegion.renderBackgroundRectangle(Lcom/sun/prism/Graphics;)V+341
j  com.sun.javafx.sg.prism.NGRegion.renderAsRectangle(Lcom/sun/prism/Graphics;)V+12
j  com.sun.javafx.sg.prism.NGRegion.renderContent(Lcom/sun/prism/Graphics;)V+106
j  com.sun.javafx.sg.prism.NGNode.doRender(Lcom/sun/prism/Graphics;)V+330
j  com.sun.javafx.sg.prism.NGNode.render(Lcom/sun/prism/Graphics;)V+34
j  com.sun.javafx.sg.prism.NGGroup.renderContent(Lcom/sun/prism/Graphics;)V+160
j  com.sun.javafx.sg.prism.NGRegion.renderContent(Lcom/sun/prism/Graphics;)V+111
j  com.sun.javafx.sg.prism.NGNode.doRender(Lcom/sun/prism/Graphics;)V+330
j  com.sun.javafx.sg.prism.NGNode.render(Lcom/sun/prism/Graphics;)V+34
j  com.sun.javafx.sg.prism.NGGroup.renderContent(Lcom/sun/prism/Graphics;)V+160
j  com.sun.javafx.sg.prism.NGRegion.renderContent(Lcom/sun/prism/Graphics;)V+111
j  com.sun.javafx.sg.prism.NGNode.renderOpacity(Lcom/sun/prism/Graphics;)V+241
j  com.sun.javafx.sg.prism.NGNode.doRender(Lcom/sun/prism/Graphics;)V+235
j  com.sun.javafx.sg.prism.NGNode.render(Lcom/sun/prism/Graphics;)V+34
j  com.sun.javafx.sg.prism.NGGroup.renderContent(Lcom/sun/prism/Graphics;)V+160
j  com.sun.javafx.sg.prism.NGNode.doRender(Lcom/sun/prism/Graphics;)V+330
j  com.sun.javafx.sg.prism.NGNode.render(Lcom/sun/prism/Graphics;)V+34
j  com.sun.javafx.tk.quantum.ViewPainter.doPaint(Lcom/sun/prism/Graphics;Lcom/sun/javafx/sg/prism/NodePath;)V+201
j  com.sun.javafx.tk.quantum.ViewPainter.paintImpl(Lcom/sun/prism/Graphics;)V+975
j  com.sun.javafx.tk.quantum.PresentingPainter.run()V+326
j  java.util.concurrent.Executors$RunnableAdapter.call()Ljava/lang/Object;+4
j  java.util.concurrent.FutureTask.runAndReset()Z+47
j  com.sun.javafx.tk.RenderJob.run()V+1
j  java.util.concurrent.ThreadPoolExecutor.runWorker(Ljava/util/concurrent/ThreadPoolExecutor$Worker;)V+95
j  java.util.concurrent.ThreadPoolExecutor$Worker.run()V+5
j  com.sun.javafx.tk.quantum.QuantumRenderer$PipelineRunnable.run()V+8
j  java.lang.Thread.run()V+11
v  ~StubRoutines::call_stub

---------------  P R O C E S S  ---------------

Java Threads: ( => current thread )
  0x000000001b393000 JavaThread "Prism Font Disposer" daemon [_thread_blocked, id=5644, stack(0x000000001d060000,0x000000001d160000)]
  0x000000001905b800 JavaThread "Thread-3" daemon [_thread_in_native, id=4860, stack(0x000000001b0c0000,0x000000001b1c0000)]
  0x0000000018fc5800 JavaThread "JavaFX-Launcher" [_thread_blocked, id=676, stack(0x000000001b1c0000,0x000000001b2c0000)]
  0x0000000019001800 JavaThread "JavaFX Application Thread" [_thread_blocked, id=6652, stack(0x0000000019630000,0x0000000019730000)]
  0x0000000018ff3800 JavaThread "Thread-1" daemon [_thread_blocked, id=3480, stack(0x0000000019530000,0x0000000019630000)]
=>0x0000000018f92000 JavaThread "QuantumRenderer-0" daemon [_thread_in_native, id=1868, stack(0x0000000019270000,0x0000000019370000)]
  0x0000000018ca2800 JavaThread "Service Thread" daemon [_thread_blocked, id=1156, stack(0x0000000019070000,0x0000000019170000)]
  0x0000000017410800 JavaThread "C1 CompilerThread2" daemon [_thread_blocked, id=5656, stack(0x0000000018b70000,0x0000000018c70000)]
  0x0000000017400800 JavaThread "C2 CompilerThread1" daemon [_thread_in_native, id=5456, stack(0x0000000018a70000,0x0000000018b70000)]
  0x00000000173fe000 JavaThread "C2 CompilerThread0" daemon [_thread_blocked, id=6440, stack(0x0000000018970000,0x0000000018a70000)]
  0x00000000173fc800 JavaThread "Attach Listener" daemon [_thread_blocked, id=6532, stack(0x0000000018870000,0x0000000018970000)]
  0x00000000173fb000 JavaThread "Signal Dispatcher" daemon [_thread_blocked, id=2880, stack(0x0000000018770000,0x0000000018870000)]
  0x00000000028d7000 JavaThread "Finalizer" daemon [_thread_blocked, id=5936, stack(0x0000000018670000,0x0000000018770000)]
  0x00000000028cd000 JavaThread "Reference Handler" daemon [_thread_blocked, id=960, stack(0x0000000018570000,0x0000000018670000)]
  0x00000000027e0800 JavaThread "main" [_thread_blocked, id=624, stack(0x00000000026b0000,0x00000000027b0000)]

Other Threads:
  0x00000000173c7800 VMThread [stack: 0x0000000018470000,0x0000000018570000] [id=3864]
  0x0000000018ca3000 WatcherThread [stack: 0x0000000019170000,0x0000000019270000] [id=6468]

VM state:not at safepoint (normal execution)

VM Mutex/Monitor currently owned by a thread: None

Heap:
 PSYoungGen      total 37888K, used 34406K [0x00000000d6600000, 0x00000000db000000, 0x0000000100000000)
  eden space 32768K, 91% used [0x00000000d6600000,0x00000000d8329b68,0x00000000d8600000)
  from space 5120K, 88% used [0x00000000d8b00000,0x00000000d8f70040,0x00000000d9000000)
  to   space 5120K, 0% used [0x00000000d8600000,0x00000000d8600000,0x00000000d8b00000)
 ParOldGen       total 86016K, used 88K [0x0000000083200000, 0x0000000088600000, 0x00000000d6600000)
  object space 86016K, 0% used [0x0000000083200000,0x0000000083216010,0x0000000088600000)
 Metaspace       used 17505K, capacity 18442K, committed 18560K, reserved 1064960K
  class space    used 2622K, capacity 2833K, committed 2944K, reserved 1048576K

Card table byte_map: [0x0000000011d70000,0x0000000012160000] byte_map_base: 0x0000000011957000

Marking Bits: (ParMarkBitMap*) 0x000000006ac64040
 Begin Bits: [0x0000000012800000, 0x0000000014738000)
 End Bits:   [0x0000000014738000, 0x0000000016670000)

Polling page: 0x0000000000df0000

CodeCache: size=245760Kb used=6723Kb max_used=6723Kb free=239036Kb
 bounds [0x00000000029b0000, 0x0000000003050000, 0x00000000119b0000]
 total_blobs=2517 nmethods=1884 adapters=546
 compilation: enabled

Compilation events (10 events):
Event: 4.554 Thread 0x0000000017410800 1880       3       com.sun.prism.paint.Color::getGreenPremult (10 bytes)
Event: 4.554 Thread 0x0000000017410800 nmethod 1880 0x000000000303cad0 code [0x000000000303cc20, 0x000000000303cd90]
Event: 4.555 Thread 0x0000000017410800 1881       3       com.sun.prism.paint.Color::getRedPremult (10 bytes)
Event: 4.555 Thread 0x0000000017410800 nmethod 1881 0x000000000303ce10 code [0x000000000303cf60, 0x000000000303d0d0]
Event: 4.555 Thread 0x0000000017410800 1883       3       com.sun.javafx.geom.RectBounds::getMinX (5 bytes)
Event: 4.555 Thread 0x0000000017410800 nmethod 1883 0x000000000303d150 code [0x000000000303d2a0, 0x000000000303d3f0]
Event: 4.560 Thread 0x0000000017410800 1884       3       java.nio.charset.CoderResult::isError (14 bytes)
Event: 4.560 Thread 0x0000000017410800 nmethod 1884 0x000000000303d6d0 code [0x000000000303d820, 0x000000000303d9d0]
Event: 4.561 Thread 0x0000000017410800 1885       3       java.io.WinNTFileSystem::normalize (231 bytes)
Event: 4.566 Thread 0x0000000017410800 nmethod 1885 0x000000000303dc50 code [0x000000000303e040, 0x0000000003041408]

GC Heap History (4 events):
Event: 2.183 GC heap before
{Heap before GC invocations=1 (full 0):
 PSYoungGen      total 37888K, used 32768K [0x00000000d6600000, 0x00000000d9000000, 0x0000000100000000)
  eden space 32768K, 100% used [0x00000000d6600000,0x00000000d8600000,0x00000000d8600000)
  from space 5120K, 0% used [0x00000000d8b00000,0x00000000d8b00000,0x00000000d9000000)
  to   space 5120K, 0% used [0x00000000d8600000,0x00000000d8600000,0x00000000d8b00000)
 ParOldGen       total 86016K, used 0K [0x0000000083200000, 0x0000000088600000, 0x00000000d6600000)
  object space 86016K, 0% used [0x0000000083200000,0x0000000083200000,0x0000000088600000)
 Metaspace       used 12190K, capacity 12716K, committed 12928K, reserved 1060864K
  class space    used 1644K, capacity 1808K, committed 1920K, reserved 1048576K
Event: 2.191 GC heap after
Heap after GC invocations=1 (full 0):
 PSYoungGen      total 37888K, used 3824K [0x00000000d6600000, 0x00000000d9000000, 0x0000000100000000)
  eden space 32768K, 0% used [0x00000000d6600000,0x00000000d6600000,0x00000000d8600000)
  from space 5120K, 74% used [0x00000000d8600000,0x00000000d89bc050,0x00000000d8b00000)
  to   space 5120K, 0% used [0x00000000d8b00000,0x00000000d8b00000,0x00000000d9000000)
 ParOldGen       total 86016K, used 80K [0x0000000083200000, 0x0000000088600000, 0x00000000d6600000)
  object space 86016K, 0% used [0x0000000083200000,0x0000000083214010,0x0000000088600000)
 Metaspace       used 12190K, capacity 12716K, committed 12928K, reserved 1060864K
  class space    used 1644K, capacity 1808K, committed 1920K, reserved 1048576K
}
Event: 2.678 GC heap before
{Heap before GC invocations=2 (full 0):
 PSYoungGen      total 37888K, used 36592K [0x00000000d6600000, 0x00000000d9000000, 0x0000000100000000)
  eden space 32768K, 100% used [0x00000000d6600000,0x00000000d8600000,0x00000000d8600000)
  from space 5120K, 74% used [0x00000000d8600000,0x00000000d89bc050,0x00000000d8b00000)
  to   space 5120K, 0% used [0x00000000d8b00000,0x00000000d8b00000,0x00000000d9000000)
 ParOldGen       total 86016K, used 80K [0x0000000083200000, 0x0000000088600000, 0x00000000d6600000)
  object space 86016K, 0% used [0x0000000083200000,0x0000000083214010,0x0000000088600000)
 Metaspace       used 13694K, capacity 14494K, committed 14720K, reserved 1062912K
  class space    used 1878K, capacity 2055K, committed 2176K, reserved 1048576K
Event: 2.688 GC heap after
Heap after GC invocations=2 (full 0):
 PSYoungGen      total 37888K, used 4544K [0x00000000d6600000, 0x00000000db000000, 0x0000000100000000)
  eden space 32768K, 0% used [0x00000000d6600000,0x00000000d6600000,0x00000000d8600000)
  from space 5120K, 88% used [0x00000000d8b00000,0x00000000d8f70040,0x00000000d9000000)
  to   space 5120K, 0% used [0x00000000d8600000,0x00000000d8600000,0x00000000d8b00000)
 ParOldGen       total 86016K, used 88K [0x0000000083200000, 0x0000000088600000, 0x00000000d6600000)
  object space 86016K, 0% used [0x0000000083200000,0x0000000083216010,0x0000000088600000)
 Metaspace       used 13694K, capacity 14494K, committed 14720K, reserved 1062912K
  class space    used 1878K, capacity 2055K, committed 2176K, reserved 1048576K
}

Deoptimization events (10 events):
Event: 4.237 Thread 0x0000000019001800 Uncommon trap: reason=class_check action=maybe_recompile pc=0x0000000002c20de0 method=java.io.DataInputStream.readShort()S @ 4
Event: 4.237 Thread 0x0000000019001800 Uncommon trap: reason=class_check action=maybe_recompile pc=0x0000000002c20de0 method=java.io.DataInputStream.readShort()S @ 4
Event: 4.237 Thread 0x0000000019001800 Uncommon trap: reason=class_check action=maybe_recompile pc=0x0000000002c20de0 method=java.io.DataInputStream.readShort()S @ 4
Event: 4.246 Thread 0x0000000019001800 Uncommon trap: reason=class_check action=maybe_recompile pc=0x0000000002ad90f0 method=java.lang.String.equals(Ljava/lang/Object;)Z @ 8
Event: 4.247 Thread 0x0000000019001800 Uncommon trap: reason=class_check action=maybe_recompile pc=0x0000000002ad90f0 method=java.lang.String.equals(Ljava/lang/Object;)Z @ 8
Event: 4.247 Thread 0x0000000019001800 Uncommon trap: reason=class_check action=maybe_recompile pc=0x0000000002ad90f0 method=java.lang.String.equals(Ljava/lang/Object;)Z @ 8
Event: 4.248 Thread 0x0000000019001800 Uncommon trap: reason=class_check action=maybe_recompile pc=0x0000000002ad90f0 method=java.lang.String.equals(Ljava/lang/Object;)Z @ 8
Event: 4.266 Thread 0x0000000019001800 Uncommon trap: reason=unstable_if action=reinterpret pc=0x0000000002f6f360 method=javafx.beans.property.ObjectPropertyBase.get()Ljava/lang/Object; @ 9
Event: 4.325 Thread 0x0000000019001800 Uncommon trap: reason=unstable_if action=reinterpret pc=0x0000000002f7d9ec method=java.lang.ClassLoader.checkName(Ljava/lang/String;)Z @ 20
Event: 4.449 Thread 0x0000000019001800 Uncommon trap: reason=unstable_if action=reinterpret pc=0x0000000002e92c68 method=jdk.internal.org.objectweb.asm.Type.getArgumentsAndReturnSizes(Ljava/lang/String;)I @ 47

Internal exceptions (10 events):
Event: 2.665 Thread 0x0000000019001800 Exception <a 'java/lang/reflect/InvocationTargetException'> (0x00000000d85dc380) thrown at [C:\re\workspace\8-2-build-windows-amd64-cygwin\jdk8u45\3457\hotspot\src\share\vm\runtime\reflection.cpp, line 1080]
Event: 2.896 Thread 0x0000000019001800 Exception <a 'java/lang/NullPointerException'> (0x00000000d74c5f18) thrown at [C:\re\workspace\8-2-build-windows-amd64-cygwin\jdk8u45\3457\hotspot\src\share\vm\interpreter\linkResolver.cpp, line 1178]
Event: 2.908 Thread 0x0000000019001800 Exception <a 'java/lang/NullPointerException'> (0x00000000d74ce958) thrown at [C:\re\workspace\8-2-build-windows-amd64-cygwin\jdk8u45\3457\hotspot\src\share\vm\interpreter\linkResolver.cpp, line 1178]
Event: 2.990 Thread 0x0000000019001800 Exception <a 'java/lang/NullPointerException'> (0x00000000d74d6b20) thrown at [C:\re\workspace\8-2-build-windows-amd64-cygwin\jdk8u45\3457\hotspot\src\share\vm\interpreter\linkResolver.cpp, line 1178]
Event: 2.990 Thread 0x0000000019001800 Exception <a 'java/lang/reflect/InvocationTargetException'> (0x00000000d74d6cd0) thrown at [C:\re\workspace\8-2-build-windows-amd64-cygwin\jdk8u45\3457\hotspot\src\share\vm\runtime\reflection.cpp, line 1080]
Event: 4.071 Thread 0x0000000019001800 Exception <a 'java/net/ConnectException': Connection refused: connect> (0x00000000d7809820) thrown at [C:\re\workspace\8-2-build-windows-amd64-cygwin\jdk8u45\3457\hotspot\src\share\vm\prims\jni.cpp, line 735]
Event: 4.074 Thread 0x0000000019001800 Exception <a 'java/lang/NullPointerException'> (0x00000000d7818428) thrown at [C:\re\workspace\8-2-build-windows-amd64-cygwin\jdk8u45\3457\hotspot\src\share\vm\interpreter\linkResolver.cpp, line 1280]
Event: 4.074 Thread 0x0000000019001800 Exception <a 'java/lang/reflect/InvocationTargetException'> (0x00000000d78185d8) thrown at [C:\re\workspace\8-2-build-windows-amd64-cygwin\jdk8u45\3457\hotspot\src\share\vm\runtime\reflection.cpp, line 1080]
Event: 4.132 Thread 0x0000000019001800 Implicit null exception at 0x0000000002cfce35 to 0x0000000002cfd045
Event: 4.132 Thread 0x0000000019001800 Implicit null exception at 0x0000000002e1513b to 0x0000000002e15a85

Events (10 events):
Event: 4.557 loading class com/sun/prism/impl/GlyphCache
Event: 4.557 loading class com/sun/prism/impl/GlyphCache done
Event: 4.560 loading class com/sun/prism/shader/Solid_TextureFirstPassLCD_Loader
Event: 4.560 loading class com/sun/prism/shader/Solid_TextureFirstPassLCD_Loader done
Event: 4.562 loading class com/sun/prism/shader/Solid_TextureSecondPassLCD_Loader
Event: 4.562 loading class com/sun/prism/shader/Solid_TextureSecondPassLCD_Loader done
Event: 4.563 loading class com/sun/prism/impl/GlyphCache$GlyphData
Event: 4.563 loading class com/sun/prism/impl/GlyphCache$GlyphData done
Event: 4.564 loading class com/sun/javafx/font/directwrite/IDWriteGlyphRunAnalysis
Event: 4.564 loading class com/sun/javafx/font/directwrite/IDWriteGlyphRunAnalysis done


Dynamic libraries:
0x00007ff68e360000 - 0x00007ff68e397000 	C:\Program Files\Java\jre1.8.0_45\bin\javaw.exe
0x00007ffe8e330000 - 0x00007ffe8e4dc000 	C:\Windows\SYSTEM32\ntdll.dll
0x00007ffe8d890000 - 0x00007ffe8d9ce000 	C:\Windows\system32\KERNEL32.DLL
0x00007ffe8b7e0000 - 0x00007ffe8b8f5000 	C:\Windows\system32\KERNELBASE.dll
0x00007ffe89a50000 - 0x00007ffe89ade000 	C:\Windows\system32\apphelp.dll
0x00007ffe81b00000 - 0x00007ffe81b53000 	C:\Windows\AppPatch\AppPatch64\AcGenral.DLL
0x00007ffe8c1f0000 - 0x00007ffe8c29a000 	C:\Windows\system32\msvcrt.dll
0x00007ffe8b2b0000 - 0x00007ffe8b2de000 	C:\Windows\SYSTEM32\SspiCli.dll
0x00007ffe8c190000 - 0x00007ffe8c1e4000 	C:\Windows\system32\SHLWAPI.dll
0x00007ffe8bd60000 - 0x00007ffe8bed7000 	C:\Windows\system32\USER32.dll
0x00007ffe8df10000 - 0x00007ffe8e0a4000 	C:\Windows\system32\ole32.dll
0x00007ffe8c360000 - 0x00007ffe8d878000 	C:\Windows\system32\SHELL32.dll
0x00007ffe8aa10000 - 0x00007ffe8aa31000 	C:\Windows\SYSTEM32\USERENV.dll
0x00007ffe8bcb0000 - 0x00007ffe8bd5a000 	C:\Windows\system32\ADVAPI32.dll
0x00007ffe80920000 - 0x00007ffe8093e000 	C:\Windows\SYSTEM32\MPR.dll
0x00007ffe8d9d0000 - 0x00007ffe8db11000 	C:\Windows\system32\RPCRT4.dll
0x00007ffe8c130000 - 0x00007ffe8c189000 	C:\Windows\SYSTEM32\sechost.dll
0x00007ffe8e0b0000 - 0x00007ffe8e2c1000 	C:\Windows\SYSTEM32\combase.dll
0x00007ffe8dc50000 - 0x00007ffe8dda1000 	C:\Windows\system32\GDI32.dll
0x00007ffe8b480000 - 0x00007ffe8b495000 	C:\Windows\SYSTEM32\profapi.dll
0x00007ffe86d90000 - 0x00007ffe86e42000 	C:\Windows\SYSTEM32\SHCORE.dll
0x00007ffe8e2f0000 - 0x00007ffe8e326000 	C:\Windows\system32\IMM32.DLL
0x00007ffe8ddb0000 - 0x00007ffe8df02000 	C:\Windows\system32\MSCTF.dll
0x00007ffe8a520000 - 0x00007ffe8a79b000 	C:\Windows\WinSxS\amd64_microsoft.windows.common-controls_6595b64144ccf1df_6.0.9600.17415_none_6240486fecbd8abb\COMCTL32.dll
0x000000006ae00000 - 0x000000006aed2000 	C:\Program Files\Java\jre1.8.0_45\bin\msvcr100.dll
0x000000006a460000 - 0x000000006ace3000 	C:\Program Files\Java\jre1.8.0_45\bin\server\jvm.dll
0x00007ffe78970000 - 0x00007ffe78979000 	C:\Windows\SYSTEM32\WSOCK32.dll
0x00007ffe7fdf0000 - 0x00007ffe7fe12000 	C:\Windows\SYSTEM32\WINMM.dll
0x00007ffe8a4c0000 - 0x00007ffe8a4ca000 	C:\Windows\SYSTEM32\VERSION.dll
0x00007ffe8c120000 - 0x00007ffe8c127000 	C:\Windows\system32\PSAPI.DLL
0x00007ffe8db20000 - 0x00007ffe8db7a000 	C:\Windows\system32\WS2_32.dll
0x00007ffe7fdc0000 - 0x00007ffe7fdea000 	C:\Windows\SYSTEM32\WINMMBASE.dll
0x00007ffe8bc30000 - 0x00007ffe8bc39000 	C:\Windows\system32\NSI.dll
0x00007ffe8b790000 - 0x00007ffe8b7df000 	C:\Windows\SYSTEM32\cfgmgr32.dll
0x00007ffe89cc0000 - 0x00007ffe89ce8000 	C:\Windows\SYSTEM32\DEVOBJ.dll
0x000000006a450000 - 0x000000006a45f000 	C:\Program Files\Java\jre1.8.0_45\bin\verify.dll
0x000000006a420000 - 0x000000006a449000 	C:\Program Files\Java\jre1.8.0_45\bin\java.dll
0x000000006a400000 - 0x000000006a416000 	C:\Program Files\Java\jre1.8.0_45\bin\zip.dll
0x000000006add0000 - 0x000000006adfc000 	C:\Program Files\Java\jre1.8.0_45\bin\prism_d3d.dll
0x00007ffe80c30000 - 0x00007ffe80e51000 	C:\Windows\system32\d3d9.dll
0x00007ffe86b60000 - 0x00007ffe86b81000 	C:\Windows\SYSTEM32\dwmapi.dll
0x00007ffe89b20000 - 0x00007ffe89c49000 	C:\Windows\system32\uxtheme.dll
0x0000000180000000 - 0x0000000180806000 	C:\Windows\SYSTEM32\igdumd64.dll
0x000000006ad80000 - 0x000000006adc1000 	C:\Program Files\Java\jre1.8.0_45\bin\glass.dll
0x00007ffe8c2a0000 - 0x00007ffe8c356000 	C:\Windows\system32\COMDLG32.dll
0x00007ffe8bb60000 - 0x00007ffe8bc21000 	C:\Windows\system32\OLEAUT32.dll
0x00007ffe7fe30000 - 0x00007ffe7fedb000 	C:\Program Files\Common Files\microsoft shared\ink\tiptsf.dll
0x00007ffe89cf0000 - 0x00007ffe89cfb000 	C:\Windows\SYSTEM32\kernel.appcore.dll
0x00007ffe8b350000 - 0x00007ffe8b35b000 	C:\Windows\SYSTEM32\CRYPTBASE.dll
0x00007ffe8b2e0000 - 0x00007ffe8b343000 	C:\Windows\SYSTEM32\bcryptPrimitives.dll
0x000000006ad60000 - 0x000000006ad75000 	C:\Program Files\Java\jre1.8.0_45\bin\javafx_font.dll
0x00007ffe85520000 - 0x00007ffe8570e000 	C:\Windows\SYSTEM32\dwrite.dll
0x00007ffe8ad40000 - 0x00007ffe8ad60000 	C:\Windows\SYSTEM32\CRYPTSP.dll
0x00007ffe8a920000 - 0x00007ffe8a956000 	C:\Windows\system32\rsaenh.dll
0x00007ffe8afa0000 - 0x00007ffe8afc6000 	C:\Windows\SYSTEM32\bcrypt.dll
0x000000006a3e0000 - 0x000000006a3fa000 	C:\Program Files\Java\jre1.8.0_45\bin\net.dll
0x00007ffe8ace0000 - 0x00007ffe8ad39000 	C:\Windows\system32\mswsock.dll
0x00007ffe882c0000 - 0x00007ffe882ea000 	C:\Windows\SYSTEM32\IPHLPAPI.DLL
0x00007ffe882b0000 - 0x00007ffe882ba000 	C:\Windows\SYSTEM32\WINNSI.DLL
0x00007ffe87880000 - 0x00007ffe87896000 	C:\Windows\SYSTEM32\dhcpcsvc6.DLL
0x00007ffe87910000 - 0x00007ffe8792a000 	C:\Windows\SYSTEM32\dhcpcsvc.DLL
0x000000006a3c0000 - 0x000000006a3d1000 	C:\Program Files\Java\jre1.8.0_45\bin\nio.dll
0x00007ffe80840000 - 0x00007ffe80855000 	C:\Windows\system32\napinsp.dll
0x00007ffe808e0000 - 0x00007ffe808fa000 	C:\Windows\system32\pnrpnsp.dll
0x00007ffe89740000 - 0x00007ffe8975b000 	C:\Windows\system32\NLAapi.dll
0x00007ffe8ab60000 - 0x00007ffe8ac04000 	C:\Windows\SYSTEM32\DNSAPI.dll
0x00007ffe80900000 - 0x00007ffe8090d000 	C:\Windows\System32\winrnr.dll
0x00007ffe80940000 - 0x00007ffe80954000 	C:\Windows\system32\wshbth.dll
0x00007ffe832b0000 - 0x00007ffe832ba000 	C:\Windows\System32\rasadhlp.dll
0x00007ffe877c0000 - 0x00007ffe8782b000 	C:\Windows\System32\fwpuclnt.dll
0x00007ffe8db90000 - 0x00007ffe8dc46000 	C:\Windows\SYSTEM32\clbcatq.dll
0x00007ffe86500000 - 0x00007ffe866ae000 	C:\Windows\SYSTEM32\WindowsCodecs.dll
0x00007ffe70790000 - 0x00007ffe707be000 	C:\Program Files\Common Files\Microsoft Shared\Ink\rtscom.dll
0x00007ffe85350000 - 0x00007ffe853ba000 	C:\Windows\SYSTEM32\oleacc.dll
0x000000006ad40000 - 0x000000006ad51000 	C:\Program Files\Java\jre1.8.0_45\bin\prism_common.dll
0x00007ffe89090000 - 0x00007ffe8921a000 	C:\Windows\SYSTEM32\dbghelp.dll

VM Arguments:
jvm_args: -Dfile.encoding=Cp1252 
java_command: view.MainView
java_class_path (initial): C:\Users\anish_000\Documents\COM S 309\Git\team-11\GameClient\bin;C:\Users\anish_000\Documents\eclipse\plugins\org.eclipse.fx.ide.css.jfx8_1.2.0.201501301049.jar;C:\Users\anish_000\Documents\COM S 309\Git\team-11\main\SuperAwsomeCardGame\bin;C:\Users\anish_000\Documents\eclipse\plugins\org.junit_4.11.0.v201303080030\junit.jar;C:\Users\anish_000\Documents\eclipse\plugins\org.hamcrest.core_1.3.0.v201303031735.jar;C:\Users\anish_000\Documents\COM S 309\Git\team-11\main\SuperAwsomeCardGame\src\lib\mysql-connector-java-5.0.5.jar
Launcher Type: SUN_STANDARD

Environment Variables:
PATH=C:/Program Files/Java/jre1.8.0_45/bin/server;C:/Program Files/Java/jre1.8.0_45/bin;C:/Program Files/Java/jre1.8.0_45/lib/amd64;C:\ProgramData\Oracle\Java\javapath;C:\Windows\system32;C:\Windows;C:\Windows\System32\Wbem;C:\Windows\System32\WindowsPowerShell\v1.0\;C:\Program Files\OpenVPN\bin;C:\Program Files (x86)\QuickTime\QTSystem\;C:\Program Files (x86)\Windows Kits\8.1\Windows Performance Toolkit\;C:\Program Files\Microsoft SQL Server\110\Tools\Binn\;C:\Program Files (x86)\Microsoft SDKs\TypeScript\1.0\;C:\Program Files\Microsoft SQL Server\120\Tools\Binn\;C:\Users\anish_000\Documents\eclipse;
USERNAME=anish_000
OS=Windows_NT
PROCESSOR_IDENTIFIER=Intel64 Family 6 Model 37 Stepping 5, GenuineIntel



---------------  S Y S T E M  ---------------

OS: Windows 8.1 , 64 bit Build 9600 (6.3.9600.17415)

CPU:total 4 (2 cores per cpu, 2 threads per core) family 6 model 37 stepping 5, cmov, cx8, fxsr, mmx, sse, sse2, sse3, ssse3, sse4.1, sse4.2, popcnt, aes, clmul, ht, tsc, tscinvbit

Memory: 4k page, physical 8179368k(4329268k free), swap 9490088k(4719980k free)

vm_info: Java HotSpot(TM) 64-Bit Server VM (25.45-b02) for windows-amd64 JRE (1.8.0_45-b14), built on Apr 10 2015 10:34:15 by "java_re" with MS VC++ 10.0 (VS2010)

time: Thu Apr 23 08:20:00 2015
elapsed time: 4 seconds (0d 0h 0m 4s)

