#
# A fatal error has been detected by the Java Runtime Environment:
#
#  EXCEPTION_ACCESS_VIOLATION (0xc0000005) at pc=0x0000000180299cc0, pid=536, tid=3768
#
# JRE version: Java(TM) SE Runtime Environment (8.0_45-b14) (build 1.8.0_45-b14)
# Java VM: Java HotSpot(TM) 64-Bit Server VM (25.45-b02 mixed mode windows-amd64 compressed oops)
# Problematic frame:
# C  [igdumd64.dll+0x299cc0]
#
# Failed to write core dump. Minidumps are not enabled by default on client versions of Windows
#
# If you would like to submit a bug report, please visit:
#   http://bugreport.java.com/bugreport/crash.jsp
# The crash happened outside the Java Virtual Machine in native code.
# See problematic frame for where to report the bug.
#

---------------  T H R E A D  ---------------

Current thread (0x000000001906c800):  JavaThread "QuantumRenderer-0" daemon [_thread_in_native, id=3768, stack(0x0000000019370000,0x0000000019470000)]

siginfo: ExceptionCode=0xc0000005, reading address 0x00000000000000bd

Registers:
RAX=0x000000001ae7f7f0, RBX=0x000000000000004d, RCX=0x000000000000004d, RDX=0x000000001946c83c
RSP=0x000000001946c7a0, RBP=0x000000001ae5de50, RSI=0x0000000000000000, RDI=0x000000001946c83c
R8 =0x000000001ade8f30, R9 =0x000000001ae5dec0, R10=0x000000001ae7f7f0, R11=0x000000000000004d
R12=0x0000000000000000, R13=0x000000001ade8f30, R14=0x000000001ae5c030, R15=0x000000001ade7e00
RIP=0x0000000180299cc0, EFLAGS=0x0000000000010246

Top of Stack: (sp=0x000000001946c7a0)
0x000000001946c7a0:   000000001946c7f8 0000000000000000
0x000000001946c7b0:   000000001ae5c030 000000001ae5de90
0x000000001946c7c0:   000000001ae5de90 000000001ade8f30
0x000000001946c7d0:   000000001ae70850 000000018024ceee
0x000000001946c7e0:   000000001ae80930 0000000000000001
0x000000001946c7f0:   000000001ae5de50 000000001946c910
0x000000001946c800:   000000001ae5c030 000000001af4e630
0x000000001946c810:   000000001946c828 0000000100000000
0x000000001946c820:   000000001af4e630 000000000000004d
0x000000001946c830:   0000000100000001 00000001ffffffff
0x000000001946c840:   000000001af46b10 0000000100000001
0x000000001946c850:   000000001a14ae10 000000001ae5acc0
0x000000001946c860:   000000000000004d 00000001805db880
0x000000001946c870:   000000001ae5c030 000000001ae5c030
0x000000001946c880:   000000001ade7e00 000000001ade8f30
0x000000001946c890:   0000000000000000 0000000000000001 

Instructions: (pc=0x0000000180299cc0)
0x0000000180299ca0:   41 54 41 55 48 83 ec 20 45 33 e4 4d 8b e8 48 8b
0x0000000180299cb0:   fa 48 8b d9 c7 02 01 00 00 00 41 8b f4 0f 1f 00
0x0000000180299cc0:   3b 73 70 73 59 f6 07 01 41 8b ec 74 4a 0f 1f 00
0x0000000180299cd0:   8b 43 74 8d 0c 06 48 8b 83 88 00 00 00 3b 2c 88 


Register to memory mapping:

RAX=0x000000001ae7f7f0 is an unknown value
RBX=0x000000000000004d is an unknown value
RCX=0x000000000000004d is an unknown value
RDX=0x000000001946c83c is pointing into the stack for thread: 0x000000001906c800
RSP=0x000000001946c7a0 is pointing into the stack for thread: 0x000000001906c800
RBP=0x000000001ae5de50 is an unknown value
RSI=0x0000000000000000 is an unknown value
RDI=0x000000001946c83c is pointing into the stack for thread: 0x000000001906c800
R8 =0x000000001ade8f30 is an unknown value
R9 =0x000000001ae5dec0 is an unknown value
R10=0x000000001ae7f7f0 is an unknown value
R11=0x000000000000004d is an unknown value
R12=0x0000000000000000 is an unknown value
R13=0x000000001ade8f30 is an unknown value
R14=0x000000001ae5c030 is an unknown value
R15=0x000000001ade7e00 is an unknown value


Stack: [0x0000000019370000,0x0000000019470000],  sp=0x000000001946c7a0,  free space=1009k
Native frames: (J=compiled Java code, j=interpreted, Vv=VM code, C=native code)
C  [igdumd64.dll+0x299cc0]
C  [igdumd64.dll+0x24ceee]
C  [igdumd64.dll+0x1a3267]
C  [igdumd64.dll+0x28bd1b]
C  [igdumd64.dll+0x293434]
C  [igdumd64.dll+0x2951e6]
C  [igdumd64.dll+0x4780c9]
C  [igdumd64.dll+0x4788bc]
C  [igdumd64.dll+0x478b68]
C  [igdumd64.dll+0x478e5b]
C  [igdumd64.dll+0x56326e]
C  [igdumd64.dll+0x476bac]
C  [igdumd64.dll+0x562086]
C  [igdumd64.dll+0x5621f2]
C  [igdumd64.dll+0x46fc82]
C  [igdumd64.dll+0x4669b0]
C  [igdumd64.dll+0x466d84]
C  [igdumd64.dll+0x357f69]
C  [igdumd64.dll+0x65548]
C  [igdumd64.dll+0x7d0ac]
C  [igdumd64.dll+0x7d6f0]
C  [igdumd64.dll+0x7e78f]
C  [igdumd64.dll+0x7b6bf]
C  [igdumd64.dll+0x42aa6]
C  [igdumd64.dll+0x26643]
C  [d3d9.dll+0x3c88f]
C  [prism_d3d.dll+0x3be1]
C  [prism_d3d.dll+0x454a]
C  0x0000000002ae5874

Java frames: (J=compiled Java code, j=interpreted, Vv=VM code)
j  com.sun.prism.d3d.D3DVertexBuffer.nDrawIndexedQuads(J[F[BI)I+0
j  com.sun.prism.d3d.D3DVertexBuffer.drawQuads(I)V+13
j  com.sun.prism.impl.VertexBuffer.flush()V+12
j  com.sun.prism.impl.BaseContext.flushVertexBuffer()V+4
j  com.sun.prism.impl.ps.BaseShaderContext.setRenderTarget(Lcom/sun/prism/RenderTarget;Lcom/sun/javafx/sg/prism/NGCamera;ZZ)V+69
j  com.sun.prism.impl.BaseContext.setRenderTarget(Lcom/sun/prism/impl/BaseGraphics;)V+36
j  com.sun.prism.impl.BaseGraphics.<init>(Lcom/sun/prism/impl/BaseContext;Lcom/sun/prism/RenderTarget;)V+141
j  com.sun.prism.impl.ps.BaseShaderGraphics.<init>(Lcom/sun/prism/impl/ps/BaseShaderContext;Lcom/sun/prism/RenderTarget;)V+3
j  com.sun.prism.d3d.D3DGraphics.<init>(Lcom/sun/prism/d3d/D3DContext;Lcom/sun/prism/RenderTarget;)V+3
j  com.sun.prism.d3d.D3DGraphics.create(Lcom/sun/prism/RenderTarget;Lcom/sun/prism/d3d/D3DContext;)Lcom/sun/prism/Graphics;+51
j  com.sun.prism.d3d.D3DRTTexture.createGraphics()Lcom/sun/prism/Graphics;+5
j  com.sun.javafx.sg.prism.NGRegion.renderBackgroundRectangle(Lcom/sun/prism/Graphics;)V+341
j  com.sun.javafx.sg.prism.NGRegion.renderAsRectangle(Lcom/sun/prism/Graphics;)V+12
j  com.sun.javafx.sg.prism.NGRegion.renderContent(Lcom/sun/prism/Graphics;)V+106
j  com.sun.javafx.sg.prism.NGNode.doRender(Lcom/sun/prism/Graphics;)V+330
j  com.sun.javafx.sg.prism.NGNode.render(Lcom/sun/prism/Graphics;)V+34
j  com.sun.javafx.sg.prism.NGGroup.renderContent(Lcom/sun/prism/Graphics;)V+160
j  com.sun.javafx.sg.prism.NGRegion.renderContent(Lcom/sun/prism/Graphics;)V+111
j  com.sun.javafx.sg.prism.NGNode.doRender(Lcom/sun/prism/Graphics;)V+330
j  com.sun.javafx.sg.prism.NGNode.render(Lcom/sun/prism/Graphics;)V+34
j  com.sun.javafx.sg.prism.NGGroup.renderContent(Lcom/sun/prism/Graphics;)V+160
j  com.sun.javafx.sg.prism.NGRegion.renderContent(Lcom/sun/prism/Graphics;)V+111
j  com.sun.javafx.sg.prism.NGNode.renderOpacity(Lcom/sun/prism/Graphics;)V+241
j  com.sun.javafx.sg.prism.NGNode.doRender(Lcom/sun/prism/Graphics;)V+235
j  com.sun.javafx.sg.prism.NGNode.render(Lcom/sun/prism/Graphics;)V+34
j  com.sun.javafx.sg.prism.NGGroup.renderContent(Lcom/sun/prism/Graphics;)V+160
j  com.sun.javafx.sg.prism.NGNode.doRender(Lcom/sun/prism/Graphics;)V+330
j  com.sun.javafx.sg.prism.NGNode.render(Lcom/sun/prism/Graphics;)V+34
j  com.sun.javafx.tk.quantum.ViewPainter.doPaint(Lcom/sun/prism/Graphics;Lcom/sun/javafx/sg/prism/NodePath;)V+201
j  com.sun.javafx.tk.quantum.ViewPainter.paintImpl(Lcom/sun/prism/Graphics;)V+975
j  com.sun.javafx.tk.quantum.PresentingPainter.run()V+326
j  java.util.concurrent.Executors$RunnableAdapter.call()Ljava/lang/Object;+4
j  java.util.concurrent.FutureTask.runAndReset()Z+47
j  com.sun.javafx.tk.RenderJob.run()V+1
j  java.util.concurrent.ThreadPoolExecutor.runWorker(Ljava/util/concurrent/ThreadPoolExecutor$Worker;)V+95
j  java.util.concurrent.ThreadPoolExecutor$Worker.run()V+5
j  com.sun.javafx.tk.quantum.QuantumRenderer$PipelineRunnable.run()V+8
j  java.lang.Thread.run()V+11
v  ~StubRoutines::call_stub

---------------  P R O C E S S  ---------------

Java Threads: ( => current thread )
  0x000000001de41800 JavaThread "Thread-6" [_thread_in_native, id=3876, stack(0x000000001ebc0000,0x000000001ecc0000)]
  0x000000001bbaa000 JavaThread "GC Daemon" daemon [_thread_blocked, id=5968, stack(0x000000001eac0000,0x000000001ebc0000)]
  0x000000001d6ae000 JavaThread "RMI RenewClean-[10.30.79.243:45374]" daemon [_thread_blocked, id=1440, stack(0x000000001e9c0000,0x000000001eac0000)]
  0x000000001bb62800 JavaThread "MySQL Statement Cancellation Timer" daemon [_thread_blocked, id=824, stack(0x000000001e6c0000,0x000000001e7c0000)]
  0x000000001b5af000 JavaThread "RMI Scheduler(0)" daemon [_thread_blocked, id=6104, stack(0x000000001d3f0000,0x000000001d4f0000)]
  0x000000001b4c9800 JavaThread "Prism Font Disposer" daemon [_thread_blocked, id=5932, stack(0x000000001d0f0000,0x000000001d1f0000)]
  0x000000001916d800 JavaThread "Thread-3" daemon [_thread_in_native, id=4840, stack(0x000000001b210000,0x000000001b310000)]
  0x00000000190c9000 JavaThread "JavaFX-Launcher" [_thread_blocked, id=3536, stack(0x000000001b310000,0x000000001b410000)]
  0x00000000190f2000 JavaThread "JavaFX Application Thread" [_thread_blocked, id=1752, stack(0x0000000019770000,0x0000000019870000)]
  0x00000000190e7000 JavaThread "Thread-1" daemon [_thread_blocked, id=4368, stack(0x0000000019670000,0x0000000019770000)]
=>0x000000001906c800 JavaThread "QuantumRenderer-0" daemon [_thread_in_native, id=3768, stack(0x0000000019370000,0x0000000019470000)]
  0x0000000018d98800 JavaThread "Service Thread" daemon [_thread_blocked, id=3488, stack(0x0000000019170000,0x0000000019270000)]
  0x0000000017527000 JavaThread "C1 CompilerThread2" daemon [_thread_blocked, id=1456, stack(0x0000000018c70000,0x0000000018d70000)]
  0x0000000017523800 JavaThread "C2 CompilerThread1" daemon [_thread_blocked, id=5228, stack(0x0000000018b70000,0x0000000018c70000)]
  0x000000001751e000 JavaThread "C2 CompilerThread0" daemon [_thread_blocked, id=5008, stack(0x0000000018a70000,0x0000000018b70000)]
  0x000000001751c800 JavaThread "Attach Listener" daemon [_thread_blocked, id=4728, stack(0x0000000018970000,0x0000000018a70000)]
  0x000000001751c000 JavaThread "Signal Dispatcher" daemon [_thread_blocked, id=2332, stack(0x0000000018870000,0x0000000018970000)]
  0x0000000002ac7800 JavaThread "Finalizer" daemon [_thread_blocked, id=5452, stack(0x0000000018770000,0x0000000018870000)]
  0x0000000002abf000 JavaThread "Reference Handler" daemon [_thread_blocked, id=5520, stack(0x0000000018670000,0x0000000018770000)]
  0x00000000029d0800 JavaThread "main" [_thread_blocked, id=5064, stack(0x0000000002800000,0x0000000002900000)]

Other Threads:
  0x00000000174e7000 VMThread [stack: 0x0000000018570000,0x0000000018670000] [id=5436]
  0x000000001757d000 WatcherThread [stack: 0x0000000019270000,0x0000000019370000] [id=3460]

VM state:not at safepoint (normal execution)

VM Mutex/Monitor currently owned by a thread: None

Heap:
 PSYoungGen      total 70656K, used 13322K [0x00000000d6600000, 0x00000000db000000, 0x0000000100000000)
  eden space 65536K, 20% used [0x00000000d6600000,0x00000000d7302918,0x00000000da600000)
  from space 5120K, 0% used [0x00000000da600000,0x00000000da600000,0x00000000dab00000)
  to   space 5120K, 0% used [0x00000000dab00000,0x00000000dab00000,0x00000000db000000)
 ParOldGen       total 86016K, used 7217K [0x0000000083200000, 0x0000000088600000, 0x00000000d6600000)
  object space 86016K, 8% used [0x0000000083200000,0x000000008390c768,0x0000000088600000)
 Metaspace       used 19814K, capacity 20896K, committed 20992K, reserved 1067008K
  class space    used 2834K, capacity 3062K, committed 3072K, reserved 1048576K

Card table byte_map: [0x0000000011e90000,0x0000000012280000] byte_map_base: 0x0000000011a77000

Marking Bits: (ParMarkBitMap*) 0x000000006ac64040
 Begin Bits: [0x0000000012920000, 0x0000000014858000)
 End Bits:   [0x0000000014858000, 0x0000000016790000)

Polling page: 0x0000000000f30000

CodeCache: size=245760Kb used=7410Kb max_used=7410Kb free=238349Kb
 bounds [0x0000000002ad0000, 0x0000000003220000, 0x0000000011ad0000]
 total_blobs=2743 nmethods=2065 adapters=591
 compilation: enabled

Compilation events (10 events):
Event: 3.207 Thread 0x0000000017527000 2062       3       com.sun.prism.paint.Color::getAlpha (5 bytes)
Event: 3.207 Thread 0x0000000017527000 nmethod 2062 0x00000000032099d0 code [0x0000000003209b20, 0x0000000003209c70]
Event: 3.207 Thread 0x0000000017527000 2061       3       com.sun.prism.paint.Color::getRedPremult (10 bytes)
Event: 3.207 Thread 0x0000000017527000 nmethod 2061 0x0000000003209d10 code [0x0000000003209e60, 0x0000000003209fd0]
Event: 3.214 Thread 0x0000000017527000 2063   !   3       sun.net.www.ParseUtil::decode (316 bytes)
Event: 3.218 Thread 0x0000000017527000 nmethod 2063 0x000000000320a490 code [0x000000000320a980, 0x000000000320e038]
Event: 3.218 Thread 0x0000000017527000 2065       3       java.nio.ByteBuffer::hasArray (20 bytes)
Event: 3.218 Thread 0x0000000017527000 nmethod 2065 0x0000000003210150 code [0x00000000032102a0, 0x0000000003210490]
Event: 3.218 Thread 0x0000000017527000 2064       1       java.nio.charset.CharsetDecoder::charset (5 bytes)
Event: 3.218 Thread 0x0000000017527000 nmethod 2064 0x0000000003210510 code [0x0000000003210660, 0x0000000003210770]

GC Heap History (8 events):
Event: 1.301 GC heap before
{Heap before GC invocations=1 (full 0):
 PSYoungGen      total 37888K, used 32768K [0x00000000d6600000, 0x00000000d9000000, 0x0000000100000000)
  eden space 32768K, 100% used [0x00000000d6600000,0x00000000d8600000,0x00000000d8600000)
  from space 5120K, 0% used [0x00000000d8b00000,0x00000000d8b00000,0x00000000d9000000)
  to   space 5120K, 0% used [0x00000000d8600000,0x00000000d8600000,0x00000000d8b00000)
 ParOldGen       total 86016K, used 0K [0x0000000083200000, 0x0000000088600000, 0x00000000d6600000)
  object space 86016K, 0% used [0x0000000083200000,0x0000000083200000,0x0000000088600000)
 Metaspace       used 12573K, capacity 13080K, committed 13184K, reserved 1060864K
  class space    used 1682K, capacity 1842K, committed 1920K, reserved 1048576K
Event: 1.321 GC heap after
Heap after GC invocations=1 (full 0):
 PSYoungGen      total 37888K, used 3904K [0x00000000d6600000, 0x00000000db000000, 0x0000000100000000)
  eden space 32768K, 0% used [0x00000000d6600000,0x00000000d6600000,0x00000000d8600000)
  from space 5120K, 76% used [0x00000000d8600000,0x00000000d89d0040,0x00000000d8b00000)
  to   space 5120K, 0% used [0x00000000dab00000,0x00000000dab00000,0x00000000db000000)
 ParOldGen       total 86016K, used 72K [0x0000000083200000, 0x0000000088600000, 0x00000000d6600000)
  object space 86016K, 0% used [0x0000000083200000,0x0000000083212010,0x0000000088600000)
 Metaspace       used 12573K, capacity 13080K, committed 13184K, reserved 1060864K
  class space    used 1682K, capacity 1842K, committed 1920K, reserved 1048576K
}
Event: 2.009 GC heap before
{Heap before GC invocations=2 (full 0):
 PSYoungGen      total 37888K, used 36672K [0x00000000d6600000, 0x00000000db000000, 0x0000000100000000)
  eden space 32768K, 100% used [0x00000000d6600000,0x00000000d8600000,0x00000000d8600000)
  from space 5120K, 76% used [0x00000000d8600000,0x00000000d89d0040,0x00000000d8b00000)
  to   space 5120K, 0% used [0x00000000dab00000,0x00000000dab00000,0x00000000db000000)
 ParOldGen       total 86016K, used 72K [0x0000000083200000, 0x0000000088600000, 0x00000000d6600000)
  object space 86016K, 0% used [0x0000000083200000,0x0000000083212010,0x0000000088600000)
 Metaspace       used 14092K, capacity 14852K, committed 14976K, reserved 1062912K
  class space    used 1915K, capacity 2088K, committed 2176K, reserved 1048576K
Event: 2.020 GC heap after
Heap after GC invocations=2 (full 0):
 PSYoungGen      total 70656K, used 4688K [0x00000000d6600000, 0x00000000db000000, 0x0000000100000000)
  eden space 65536K, 0% used [0x00000000d6600000,0x00000000d6600000,0x00000000da600000)
  from space 5120K, 91% used [0x00000000dab00000,0x00000000daf94030,0x00000000db000000)
  to   space 5120K, 0% used [0x00000000da600000,0x00000000da600000,0x00000000dab00000)
 ParOldGen       total 86016K, used 88K [0x0000000083200000, 0x0000000088600000, 0x00000000d6600000)
  object space 86016K, 0% used [0x0000000083200000,0x0000000083216010,0x0000000088600000)
 Metaspace       used 14092K, capacity 14852K, committed 14976K, reserved 1062912K
  class space    used 1915K, capacity 2088K, committed 2176K, reserved 1048576K
}
Event: 2.637 GC heap before
{Heap before GC invocations=3 (full 0):
 PSYoungGen      total 70656K, used 30484K [0x00000000d6600000, 0x00000000db000000, 0x0000000100000000)
  eden space 65536K, 39% used [0x00000000d6600000,0x00000000d7f311f0,0x00000000da600000)
  from space 5120K, 91% used [0x00000000dab00000,0x00000000daf94030,0x00000000db000000)
  to   space 5120K, 0% used [0x00000000da600000,0x00000000da600000,0x00000000dab00000)
 ParOldGen       total 86016K, used 88K [0x0000000083200000, 0x0000000088600000, 0x00000000d6600000)
  object space 86016K, 0% used [0x0000000083200000,0x0000000083216010,0x0000000088600000)
 Metaspace       used 16144K, capacity 17056K, committed 17152K, reserved 1064960K
  class space    used 2089K, capacity 2292K, committed 2304K, reserved 1048576K
Event: 2.656 GC heap after
Heap after GC invocations=3 (full 0):
 PSYoungGen      total 70656K, used 5107K [0x00000000d6600000, 0x00000000db000000, 0x0000000100000000)
  eden space 65536K, 0% used [0x00000000d6600000,0x00000000d6600000,0x00000000da600000)
  from space 5120K, 99% used [0x00000000da600000,0x00000000daafcfe0,0x00000000dab00000)
  to   space 5120K, 0% used [0x00000000dab00000,0x00000000dab00000,0x00000000db000000)
 ParOldGen       total 86016K, used 2194K [0x0000000083200000, 0x0000000088600000, 0x00000000d6600000)
  object space 86016K, 2% used [0x0000000083200000,0x00000000834248c8,0x0000000088600000)
 Metaspace       used 16144K, capacity 17056K, committed 17152K, reserved 1064960K
  class space    used 2089K, capacity 2292K, committed 2304K, reserved 1048576K
}
Event: 2.656 GC heap before
{Heap before GC invocations=4 (full 1):
 PSYoungGen      total 70656K, used 5107K [0x00000000d6600000, 0x00000000db000000, 0x0000000100000000)
  eden space 65536K, 0% used [0x00000000d6600000,0x00000000d6600000,0x00000000da600000)
  from space 5120K, 99% used [0x00000000da600000,0x00000000daafcfe0,0x00000000dab00000)
  to   space 5120K, 0% used [0x00000000dab00000,0x00000000dab00000,0x00000000db000000)
 ParOldGen       total 86016K, used 2194K [0x0000000083200000, 0x0000000088600000, 0x00000000d6600000)
  object space 86016K, 2% used [0x0000000083200000,0x00000000834248c8,0x0000000088600000)
 Metaspace       used 16144K, capacity 17056K, committed 17152K, reserved 1064960K
  class space    used 2089K, capacity 2292K, committed 2304K, reserved 1048576K
Event: 2.721 GC heap after
Heap after GC invocations=4 (full 1):
 PSYoungGen      total 70656K, used 0K [0x00000000d6600000, 0x00000000db000000, 0x0000000100000000)
  eden space 65536K, 0% used [0x00000000d6600000,0x00000000d6600000,0x00000000da600000)
  from space 5120K, 0% used [0x00000000da600000,0x00000000da600000,0x00000000dab00000)
  to   space 5120K, 0% used [0x00000000dab00000,0x00000000dab00000,0x00000000db000000)
 ParOldGen       total 86016K, used 7217K [0x0000000083200000, 0x0000000088600000, 0x00000000d6600000)
  object space 86016K, 8% used [0x0000000083200000,0x000000008390c768,0x0000000088600000)
 Metaspace       used 16144K, capacity 17056K, committed 17152K, reserved 1064960K
  class space    used 2089K, capacity 2292K, committed 2304K, reserved 1048576K
}

Deoptimization events (10 events):
Event: 2.924 Thread 0x00000000190f2000 Uncommon trap: reason=class_check action=maybe_recompile pc=0x0000000002d3d520 method=java.io.DataInputStream.readShort()S @ 4
Event: 2.924 Thread 0x00000000190f2000 Uncommon trap: reason=class_check action=maybe_recompile pc=0x0000000002d3d520 method=java.io.DataInputStream.readShort()S @ 4
Event: 2.932 Thread 0x00000000190f2000 Uncommon trap: reason=class_check action=maybe_recompile pc=0x0000000002bf94b0 method=java.lang.String.equals(Ljava/lang/Object;)Z @ 8
Event: 2.932 Thread 0x00000000190f2000 Uncommon trap: reason=class_check action=maybe_recompile pc=0x0000000002bf94b0 method=java.lang.String.equals(Ljava/lang/Object;)Z @ 8
Event: 2.932 Thread 0x00000000190f2000 Uncommon trap: reason=class_check action=maybe_recompile pc=0x0000000002bf94b0 method=java.lang.String.equals(Ljava/lang/Object;)Z @ 8
Event: 2.934 Thread 0x00000000190f2000 Uncommon trap: reason=class_check action=maybe_recompile pc=0x0000000002bf94b0 method=java.lang.String.equals(Ljava/lang/Object;)Z @ 8
Event: 2.951 Thread 0x00000000190f2000 Uncommon trap: reason=unstable_if action=reinterpret pc=0x000000000314dee0 method=javafx.beans.property.ObjectPropertyBase.get()Ljava/lang/Object; @ 9
Event: 2.967 Thread 0x00000000190f2000 Uncommon trap: reason=unstable_if action=reinterpret pc=0x000000000316af64 method=java.net.URL.<init>(Ljava/net/URL;Ljava/lang/String;Ljava/net/URLStreamHandler;)V @ 347
Event: 3.008 Thread 0x00000000190f2000 Uncommon trap: reason=unstable_if action=reinterpret pc=0x0000000003165fac method=java.lang.ClassLoader.checkName(Ljava/lang/String;)Z @ 20
Event: 3.123 Thread 0x00000000190f2000 Uncommon trap: reason=unstable_if action=reinterpret pc=0x0000000002fda768 method=jdk.internal.org.objectweb.asm.Type.getArgumentsAndReturnSizes(Ljava/lang/String;)I @ 47

Internal exceptions (10 events):
Event: 2.738 Thread 0x0000000002ac7800 Exception <a 'java/net/SocketException': Socket closed> (0x00000000d677b1e0) thrown at [C:\re\workspace\8-2-build-windows-amd64-cygwin\jdk8u45\3457\hotspot\src\share\vm\prims\jni.cpp, line 735]
Event: 2.738 Thread 0x0000000002ac7800 Exception <a 'java/net/SocketException': Socket closed> (0x00000000d6784730) thrown at [C:\re\workspace\8-2-build-windows-amd64-cygwin\jdk8u45\3457\hotspot\src\share\vm\prims\jni.cpp, line 735]
Event: 2.738 Thread 0x0000000002ac7800 Exception <a 'java/net/SocketException': Socket closed> (0x00000000d678dc80) thrown at [C:\re\workspace\8-2-build-windows-amd64-cygwin\jdk8u45\3457\hotspot\src\share\vm\prims\jni.cpp, line 735]
Event: 2.738 Thread 0x0000000002ac7800 Exception <a 'java/net/SocketException': Socket closed> (0x00000000d67971d0) thrown at [C:\re\workspace\8-2-build-windows-amd64-cygwin\jdk8u45\3457\hotspot\src\share\vm\prims\jni.cpp, line 735]
Event: 2.739 Thread 0x0000000002ac7800 Exception <a 'java/net/SocketException': Socket closed> (0x00000000d67a0720) thrown at [C:\re\workspace\8-2-build-windows-amd64-cygwin\jdk8u45\3457\hotspot\src\share\vm\prims\jni.cpp, line 735]
Event: 2.739 Thread 0x0000000002ac7800 Exception <a 'java/net/SocketException': Socket closed> (0x00000000d67a9c70) thrown at [C:\re\workspace\8-2-build-windows-amd64-cygwin\jdk8u45\3457\hotspot\src\share\vm\prims\jni.cpp, line 735]
Event: 2.739 Thread 0x0000000002ac7800 Exception <a 'java/net/SocketException': Socket closed> (0x00000000d67b31c0) thrown at [C:\re\workspace\8-2-build-windows-amd64-cygwin\jdk8u45\3457\hotspot\src\share\vm\prims\jni.cpp, line 735]
Event: 2.740 Thread 0x0000000002ac7800 Exception <a 'java/net/SocketException': Socket closed> (0x00000000d67bc710) thrown at [C:\re\workspace\8-2-build-windows-amd64-cygwin\jdk8u45\3457\hotspot\src\share\vm\prims\jni.cpp, line 735]
Event: 2.808 Thread 0x00000000190f2000 Implicit null exception at 0x0000000002e973f5 to 0x0000000002e97611
Event: 2.808 Thread 0x00000000190f2000 Implicit null exception at 0x0000000002f54898 to 0x0000000002f54926

Events (10 events):
Event: 3.212 loading class com/sun/prism/impl/GlyphCache
Event: 3.212 loading class com/sun/prism/impl/GlyphCache done
Event: 3.214 loading class com/sun/prism/shader/Solid_TextureFirstPassLCD_Loader
Event: 3.214 loading class com/sun/prism/shader/Solid_TextureFirstPassLCD_Loader done
Event: 3.215 loading class com/sun/prism/shader/Solid_TextureSecondPassLCD_Loader
Event: 3.215 loading class com/sun/prism/shader/Solid_TextureSecondPassLCD_Loader done
Event: 3.216 loading class com/sun/prism/impl/GlyphCache$GlyphData
Event: 3.216 loading class com/sun/prism/impl/GlyphCache$GlyphData done
Event: 3.216 loading class com/sun/javafx/font/directwrite/IDWriteGlyphRunAnalysis
Event: 3.216 loading class com/sun/javafx/font/directwrite/IDWriteGlyphRunAnalysis done


Dynamic libraries:
0x00007ff68e360000 - 0x00007ff68e397000 	C:\Program Files\Java\jre1.8.0_45\bin\javaw.exe
0x00007ffe8e330000 - 0x00007ffe8e4dc000 	C:\Windows\SYSTEM32\ntdll.dll
0x00007ffe8d890000 - 0x00007ffe8d9ce000 	C:\Windows\system32\KERNEL32.DLL
0x00007ffe8b7e0000 - 0x00007ffe8b8f5000 	C:\Windows\system32\KERNELBASE.dll
0x00007ffe89a50000 - 0x00007ffe89ade000 	C:\Windows\system32\apphelp.dll
0x00007ffe82690000 - 0x00007ffe826e3000 	C:\Windows\AppPatch\AppPatch64\AcGenral.DLL
0x00007ffe8c1f0000 - 0x00007ffe8c29a000 	C:\Windows\system32\msvcrt.dll
0x00007ffe8b2b0000 - 0x00007ffe8b2de000 	C:\Windows\SYSTEM32\SspiCli.dll
0x00007ffe8c190000 - 0x00007ffe8c1e4000 	C:\Windows\system32\SHLWAPI.dll
0x00007ffe8bd60000 - 0x00007ffe8bed7000 	C:\Windows\system32\USER32.dll
0x00007ffe8df10000 - 0x00007ffe8e0a4000 	C:\Windows\system32\ole32.dll
0x00007ffe8c360000 - 0x00007ffe8d878000 	C:\Windows\system32\SHELL32.dll
0x00007ffe8aa10000 - 0x00007ffe8aa31000 	C:\Windows\SYSTEM32\USERENV.dll
0x00007ffe8bcb0000 - 0x00007ffe8bd5a000 	C:\Windows\system32\ADVAPI32.dll
0x00007ffe80920000 - 0x00007ffe8093e000 	C:\Windows\SYSTEM32\MPR.dll
0x00007ffe8d9d0000 - 0x00007ffe8db11000 	C:\Windows\system32\RPCRT4.dll
0x00007ffe8c130000 - 0x00007ffe8c189000 	C:\Windows\SYSTEM32\sechost.dll
0x00007ffe8e0b0000 - 0x00007ffe8e2c1000 	C:\Windows\SYSTEM32\combase.dll
0x00007ffe8dc50000 - 0x00007ffe8dda1000 	C:\Windows\system32\GDI32.dll
0x00007ffe8b480000 - 0x00007ffe8b495000 	C:\Windows\SYSTEM32\profapi.dll
0x00007ffe86d90000 - 0x00007ffe86e42000 	C:\Windows\SYSTEM32\SHCORE.dll
0x00007ffe8e2f0000 - 0x00007ffe8e326000 	C:\Windows\system32\IMM32.DLL
0x00007ffe8ddb0000 - 0x00007ffe8df02000 	C:\Windows\system32\MSCTF.dll
0x00007ffe8a520000 - 0x00007ffe8a79b000 	C:\Windows\WinSxS\amd64_microsoft.windows.common-controls_6595b64144ccf1df_6.0.9600.17415_none_6240486fecbd8abb\COMCTL32.dll
0x000000006a2b0000 - 0x000000006a382000 	C:\Program Files\Java\jre1.8.0_45\bin\msvcr100.dll
0x000000006a460000 - 0x000000006ace3000 	C:\Program Files\Java\jre1.8.0_45\bin\server\jvm.dll
0x00007ffe78970000 - 0x00007ffe78979000 	C:\Windows\SYSTEM32\WSOCK32.dll
0x00007ffe7fdf0000 - 0x00007ffe7fe12000 	C:\Windows\SYSTEM32\WINMM.dll
0x00007ffe8a4c0000 - 0x00007ffe8a4ca000 	C:\Windows\SYSTEM32\VERSION.dll
0x00007ffe8c120000 - 0x00007ffe8c127000 	C:\Windows\system32\PSAPI.DLL
0x00007ffe8db20000 - 0x00007ffe8db7a000 	C:\Windows\system32\WS2_32.dll
0x00007ffe7fdc0000 - 0x00007ffe7fdea000 	C:\Windows\SYSTEM32\WINMMBASE.dll
0x00007ffe8bc30000 - 0x00007ffe8bc39000 	C:\Windows\system32\NSI.dll
0x00007ffe8b790000 - 0x00007ffe8b7df000 	C:\Windows\SYSTEM32\cfgmgr32.dll
0x00007ffe89cc0000 - 0x00007ffe89ce8000 	C:\Windows\SYSTEM32\DEVOBJ.dll
0x000000006a450000 - 0x000000006a45f000 	C:\Program Files\Java\jre1.8.0_45\bin\verify.dll
0x000000006a420000 - 0x000000006a449000 	C:\Program Files\Java\jre1.8.0_45\bin\java.dll
0x000000006a400000 - 0x000000006a416000 	C:\Program Files\Java\jre1.8.0_45\bin\zip.dll
0x000000006a280000 - 0x000000006a2ac000 	C:\Program Files\Java\jre1.8.0_45\bin\prism_d3d.dll
0x00007ffe80c30000 - 0x00007ffe80e51000 	C:\Windows\system32\d3d9.dll
0x00007ffe86b60000 - 0x00007ffe86b81000 	C:\Windows\SYSTEM32\dwmapi.dll
0x00007ffe89b20000 - 0x00007ffe89c49000 	C:\Windows\system32\uxtheme.dll
0x0000000180000000 - 0x0000000180806000 	C:\Windows\SYSTEM32\igdumd64.dll
0x000000006a230000 - 0x000000006a271000 	C:\Program Files\Java\jre1.8.0_45\bin\glass.dll
0x00007ffe8c2a0000 - 0x00007ffe8c356000 	C:\Windows\system32\COMDLG32.dll
0x00007ffe8bb60000 - 0x00007ffe8bc21000 	C:\Windows\system32\OLEAUT32.dll
0x00007ffe7fe30000 - 0x00007ffe7fedb000 	C:\Program Files\Common Files\microsoft shared\ink\tiptsf.dll
0x00007ffe89cf0000 - 0x00007ffe89cfb000 	C:\Windows\SYSTEM32\kernel.appcore.dll
0x00007ffe8b350000 - 0x00007ffe8b35b000 	C:\Windows\SYSTEM32\CRYPTBASE.dll
0x00007ffe8b2e0000 - 0x00007ffe8b343000 	C:\Windows\SYSTEM32\bcryptPrimitives.dll
0x000000006a210000 - 0x000000006a225000 	C:\Program Files\Java\jre1.8.0_45\bin\javafx_font.dll
0x00007ffe85520000 - 0x00007ffe8570e000 	C:\Windows\SYSTEM32\dwrite.dll
0x00007ffe8ad40000 - 0x00007ffe8ad60000 	C:\Windows\SYSTEM32\CRYPTSP.dll
0x00007ffe8a920000 - 0x00007ffe8a956000 	C:\Windows\system32\rsaenh.dll
0x00007ffe8afa0000 - 0x00007ffe8afc6000 	C:\Windows\SYSTEM32\bcrypt.dll
0x000000006a3e0000 - 0x000000006a3fa000 	C:\Program Files\Java\jre1.8.0_45\bin\net.dll
0x00007ffe8ace0000 - 0x00007ffe8ad39000 	C:\Windows\system32\mswsock.dll
0x00007ffe882c0000 - 0x00007ffe882ea000 	C:\Windows\SYSTEM32\IPHLPAPI.DLL
0x00007ffe882b0000 - 0x00007ffe882ba000 	C:\Windows\SYSTEM32\WINNSI.DLL
0x00007ffe87880000 - 0x00007ffe87896000 	C:\Windows\SYSTEM32\dhcpcsvc6.DLL
0x00007ffe87910000 - 0x00007ffe8792a000 	C:\Windows\SYSTEM32\dhcpcsvc.DLL
0x000000006a3c0000 - 0x000000006a3d1000 	C:\Program Files\Java\jre1.8.0_45\bin\nio.dll
0x00007ffe80840000 - 0x00007ffe80855000 	C:\Windows\system32\napinsp.dll
0x00007ffe808e0000 - 0x00007ffe808fa000 	C:\Windows\system32\pnrpnsp.dll
0x00007ffe89740000 - 0x00007ffe8975b000 	C:\Windows\system32\NLAapi.dll
0x00007ffe8ab60000 - 0x00007ffe8ac04000 	C:\Windows\SYSTEM32\DNSAPI.dll
0x00007ffe80900000 - 0x00007ffe8090d000 	C:\Windows\System32\winrnr.dll
0x00007ffe80940000 - 0x00007ffe80954000 	C:\Windows\system32\wshbth.dll
0x00007ffe832b0000 - 0x00007ffe832ba000 	C:\Windows\System32\rasadhlp.dll
0x00007ffe877c0000 - 0x00007ffe8782b000 	C:\Windows\System32\fwpuclnt.dll
0x00007ffe8db90000 - 0x00007ffe8dc46000 	C:\Windows\SYSTEM32\clbcatq.dll
0x00007ffe86500000 - 0x00007ffe866ae000 	C:\Windows\SYSTEM32\WindowsCodecs.dll
0x00007ffe70790000 - 0x00007ffe707be000 	C:\Program Files\Common Files\Microsoft Shared\Ink\rtscom.dll
0x000000006a1f0000 - 0x000000006a201000 	C:\Program Files\Java\jre1.8.0_45\bin\prism_common.dll
0x00007ffe89090000 - 0x00007ffe8921a000 	C:\Windows\SYSTEM32\dbghelp.dll

VM Arguments:
jvm_args: -Dfile.encoding=Cp1252 
java_command: view.MainView
java_class_path (initial): C:\Users\anish_000\Documents\COM S 309\Git\team-11\GameClient\bin;C:\Users\anish_000\Documents\eclipse\plugins\org.eclipse.fx.ide.css.jfx8_1.2.0.201501301049.jar;C:\Users\anish_000\Documents\COM S 309\Git\team-11\main\SuperAwsomeCardGame\bin;C:\Users\anish_000\Documents\eclipse\plugins\org.junit_4.11.0.v201303080030\junit.jar;C:\Users\anish_000\Documents\eclipse\plugins\org.hamcrest.core_1.3.0.v201303031735.jar;C:\Users\anish_000\Documents\COM S 309\Git\team-11\main\SuperAwsomeCardGame\src\lib\mysql-connector-java-5.0.5.jar
Launcher Type: SUN_STANDARD

Environment Variables:
PATH=C:/Program Files/Java/jre1.8.0_45/bin/server;C:/Program Files/Java/jre1.8.0_45/bin;C:/Program Files/Java/jre1.8.0_45/lib/amd64;C:\ProgramData\Oracle\Java\javapath;C:\Windows\system32;C:\Windows;C:\Windows\System32\Wbem;C:\Windows\System32\WindowsPowerShell\v1.0\;C:\Program Files\OpenVPN\bin;C:\Program Files (x86)\QuickTime\QTSystem\;C:\Program Files (x86)\Windows Kits\8.1\Windows Performance Toolkit\;C:\Program Files\Microsoft SQL Server\110\Tools\Binn\;C:\Program Files (x86)\Microsoft SDKs\TypeScript\1.0\;C:\Program Files\Microsoft SQL Server\120\Tools\Binn\;C:\Users\anish_000\Documents\eclipse;
USERNAME=anish_000
OS=Windows_NT
PROCESSOR_IDENTIFIER=Intel64 Family 6 Model 37 Stepping 5, GenuineIntel



---------------  S Y S T E M  ---------------

OS: Windows 8.1 , 64 bit Build 9600 (6.3.9600.17415)

CPU:total 4 (2 cores per cpu, 2 threads per core) family 6 model 37 stepping 5, cmov, cx8, fxsr, mmx, sse, sse2, sse3, ssse3, sse4.1, sse4.2, popcnt, aes, clmul, ht, tsc, tscinvbit

Memory: 4k page, physical 8179368k(4380484k free), swap 9490088k(4348100k free)

vm_info: Java HotSpot(TM) 64-Bit Server VM (25.45-b02) for windows-amd64 JRE (1.8.0_45-b14), built on Apr 10 2015 10:34:15 by "java_re" with MS VC++ 10.0 (VS2010)

time: Thu Apr 23 08:16:14 2015
elapsed time: 3 seconds (0d 0h 0m 3s)

