#
# A fatal error has been detected by the Java Runtime Environment:
#
#  EXCEPTION_ACCESS_VIOLATION (0xc0000005) at pc=0x0000000180299cc0, pid=4948, tid=5072
#
# JRE version: Java(TM) SE Runtime Environment (8.0_40-b26) (build 1.8.0_40-b26)
# Java VM: Java HotSpot(TM) 64-Bit Server VM (25.40-b25 mixed mode windows-amd64 compressed oops)
# Problematic frame:
# C  [igdumd64.dll+0x299cc0]
#
# Failed to write core dump. Minidumps are not enabled by default on client versions of Windows
#
# If you would like to submit a bug report, please visit:
#   http://bugreport.java.com/bugreport/crash.jsp
# The crash happened outside the Java Virtual Machine in native code.
# See problematic frame for where to report the bug.
#

---------------  T H R E A D  ---------------

Current thread (0x00000000184c2000):  JavaThread "QuantumRenderer-0" daemon [_thread_in_native, id=5072, stack(0x0000000018710000,0x0000000018810000)]

siginfo: ExceptionCode=0xc0000005, reading address 0x00000000000000bd

Registers:
RAX=0x000000001aa9f040, RBX=0x000000000000004d, RCX=0x000000000000004d, RDX=0x000000001880cb5c
RSP=0x000000001880cac0, RBP=0x000000001aa7de50, RSI=0x0000000000000000, RDI=0x000000001880cb5c
R8 =0x000000001aa0a270, R9 =0x000000001aa7dec0, R10=0x000000001aa9f040, R11=0x000000000000004d
R12=0x0000000000000000, R13=0x000000001aa0a270, R14=0x000000001aa7c030, R15=0x000000001aa076d0
RIP=0x0000000180299cc0, EFLAGS=0x0000000000010246

Top of Stack: (sp=0x000000001880cac0)
0x000000001880cac0:   000000001880cb18 0000000000000000
0x000000001880cad0:   000000001aa7c030 000000001aa7de90
0x000000001880cae0:   000000001aa7de90 000000001aa0a270
0x000000001880caf0:   000000001aa8f7d0 000000018024ceee
0x000000001880cb00:   000000001aaa0b40 0000000000000001
0x000000001880cb10:   000000001aa7de50 000000001880cc30
0x000000001880cb20:   000000001aa7c030 000000001ab6e330
0x000000001880cb30:   000000001880cb48 0000000100000000
0x000000001880cb40:   000000001ab6e330 000000000000004d
0x000000001880cb50:   0000000100000001 00000001ffffffff
0x000000001880cb60:   000000001ab66150 0000000100000001
0x000000001880cb70:   0000000019d6ae10 000000001aa7acc0
0x000000001880cb80:   000000000000004d 00000001805db880
0x000000001880cb90:   000000001aa7c030 000000001aa7c030
0x000000001880cba0:   000000001aa076d0 000000001aa0a270
0x000000001880cbb0:   0000000000000000 0000000000000001 

Instructions: (pc=0x0000000180299cc0)
0x0000000180299ca0:   41 54 41 55 48 83 ec 20 45 33 e4 4d 8b e8 48 8b
0x0000000180299cb0:   fa 48 8b d9 c7 02 01 00 00 00 41 8b f4 0f 1f 00
0x0000000180299cc0:   3b 73 70 73 59 f6 07 01 41 8b ec 74 4a 0f 1f 00
0x0000000180299cd0:   8b 43 74 8d 0c 06 48 8b 83 88 00 00 00 3b 2c 88 


Register to memory mapping:

RAX=0x000000001aa9f040 is an unknown value
RBX=0x000000000000004d is an unknown value
RCX=0x000000000000004d is an unknown value
RDX=0x000000001880cb5c is pointing into the stack for thread: 0x00000000184c2000
RSP=0x000000001880cac0 is pointing into the stack for thread: 0x00000000184c2000
RBP=0x000000001aa7de50 is an unknown value
RSI=0x0000000000000000 is an unknown value
RDI=0x000000001880cb5c is pointing into the stack for thread: 0x00000000184c2000
R8 =0x000000001aa0a270 is an unknown value
R9 =0x000000001aa7dec0 is an unknown value
R10=0x000000001aa9f040 is an unknown value
R11=0x000000000000004d is an unknown value
R12=0x0000000000000000 is an unknown value
R13=0x000000001aa0a270 is an unknown value
R14=0x000000001aa7c030 is an unknown value
R15=0x000000001aa076d0 is an unknown value


Stack: [0x0000000018710000,0x0000000018810000],  sp=0x000000001880cac0,  free space=1010k
Native frames: (J=compiled Java code, j=interpreted, Vv=VM code, C=native code)
C  [igdumd64.dll+0x299cc0]
C  [igdumd64.dll+0x24ceee]
C  [igdumd64.dll+0x1a3267]
C  [igdumd64.dll+0x28bd1b]
C  [igdumd64.dll+0x293434]
C  [igdumd64.dll+0x2951e6]
C  [igdumd64.dll+0x4780c9]
C  [igdumd64.dll+0x4788bc]
C  [igdumd64.dll+0x478b68]
C  [igdumd64.dll+0x478e5b]
C  [igdumd64.dll+0x56326e]
C  [igdumd64.dll+0x476bac]
C  [igdumd64.dll+0x562086]
C  [igdumd64.dll+0x5621f2]
C  [igdumd64.dll+0x46fc82]
C  [igdumd64.dll+0x4669b0]
C  [igdumd64.dll+0x466d84]
C  [igdumd64.dll+0x357f69]
C  [igdumd64.dll+0x65548]
C  [igdumd64.dll+0x7d0ac]
C  [igdumd64.dll+0x7d6f0]
C  [igdumd64.dll+0x7e78f]
C  [igdumd64.dll+0x7b6bf]
C  [igdumd64.dll+0x42aa6]
C  [igdumd64.dll+0x26643]
C  [d3d9.dll+0x3c88f]
C  [prism_d3d.dll+0x3be1]
C  [prism_d3d.dll+0x454a]
C  0x0000000001e85874

Java frames: (J=compiled Java code, j=interpreted, Vv=VM code)
j  com.sun.prism.d3d.D3DVertexBuffer.nDrawIndexedQuads(J[F[BI)I+0
j  com.sun.prism.d3d.D3DVertexBuffer.drawQuads(I)V+13
j  com.sun.prism.impl.VertexBuffer.flush()V+12
j  com.sun.prism.impl.BaseContext.flushVertexBuffer()V+4
j  com.sun.prism.impl.ps.BaseShaderContext.setRenderTarget(Lcom/sun/prism/RenderTarget;Lcom/sun/javafx/sg/prism/NGCamera;ZZ)V+69
j  com.sun.prism.impl.BaseContext.setRenderTarget(Lcom/sun/prism/impl/BaseGraphics;)V+36
j  com.sun.prism.impl.BaseGraphics.<init>(Lcom/sun/prism/impl/BaseContext;Lcom/sun/prism/RenderTarget;)V+141
j  com.sun.prism.impl.ps.BaseShaderGraphics.<init>(Lcom/sun/prism/impl/ps/BaseShaderContext;Lcom/sun/prism/RenderTarget;)V+3
j  com.sun.prism.d3d.D3DGraphics.<init>(Lcom/sun/prism/d3d/D3DContext;Lcom/sun/prism/RenderTarget;)V+3
j  com.sun.prism.d3d.D3DGraphics.create(Lcom/sun/prism/RenderTarget;Lcom/sun/prism/d3d/D3DContext;)Lcom/sun/prism/Graphics;+51
j  com.sun.prism.d3d.D3DRTTexture.createGraphics()Lcom/sun/prism/Graphics;+5
j  com.sun.javafx.sg.prism.NGRegion.renderBackgroundRectangle(Lcom/sun/prism/Graphics;)V+341
j  com.sun.javafx.sg.prism.NGRegion.renderAsRectangle(Lcom/sun/prism/Graphics;)V+12
j  com.sun.javafx.sg.prism.NGRegion.renderContent(Lcom/sun/prism/Graphics;)V+106
j  com.sun.javafx.sg.prism.NGNode.doRender(Lcom/sun/prism/Graphics;)V+330
j  com.sun.javafx.sg.prism.NGNode.render(Lcom/sun/prism/Graphics;)V+34
j  com.sun.javafx.sg.prism.NGGroup.renderContent(Lcom/sun/prism/Graphics;)V+160
j  com.sun.javafx.sg.prism.NGRegion.renderContent(Lcom/sun/prism/Graphics;)V+111
j  com.sun.javafx.sg.prism.NGNode.doRender(Lcom/sun/prism/Graphics;)V+330
j  com.sun.javafx.sg.prism.NGNode.render(Lcom/sun/prism/Graphics;)V+34
j  com.sun.javafx.sg.prism.NGGroup.renderContent(Lcom/sun/prism/Graphics;)V+160
j  com.sun.javafx.sg.prism.NGRegion.renderContent(Lcom/sun/prism/Graphics;)V+111
j  com.sun.javafx.sg.prism.NGNode.renderOpacity(Lcom/sun/prism/Graphics;)V+241
j  com.sun.javafx.sg.prism.NGNode.doRender(Lcom/sun/prism/Graphics;)V+235
j  com.sun.javafx.sg.prism.NGNode.render(Lcom/sun/prism/Graphics;)V+34
j  com.sun.javafx.sg.prism.NGGroup.renderContent(Lcom/sun/prism/Graphics;)V+160
j  com.sun.javafx.sg.prism.NGNode.doRender(Lcom/sun/prism/Graphics;)V+330
j  com.sun.javafx.sg.prism.NGNode.render(Lcom/sun/prism/Graphics;)V+34
j  com.sun.javafx.tk.quantum.ViewPainter.doPaint(Lcom/sun/prism/Graphics;Lcom/sun/javafx/sg/prism/NodePath;)V+201
j  com.sun.javafx.tk.quantum.ViewPainter.paintImpl(Lcom/sun/prism/Graphics;)V+975
j  com.sun.javafx.tk.quantum.PresentingPainter.run()V+326
j  java.util.concurrent.Executors$RunnableAdapter.call()Ljava/lang/Object;+4
j  java.util.concurrent.FutureTask.runAndReset()Z+47
j  com.sun.javafx.tk.RenderJob.run()V+1
j  java.util.concurrent.ThreadPoolExecutor.runWorker(Ljava/util/concurrent/ThreadPoolExecutor$Worker;)V+95
j  java.util.concurrent.ThreadPoolExecutor$Worker.run()V+5
j  com.sun.javafx.tk.quantum.QuantumRenderer$PipelineRunnable.run()V+8
j  java.lang.Thread.run()V+11
v  ~StubRoutines::call_stub

---------------  P R O C E S S  ---------------

Java Threads: ( => current thread )
  0x000000001cf99800 JavaThread "Thread-6" [_thread_in_native, id=6288, stack(0x000000001efa0000,0x000000001f0a0000)]
  0x000000001ddd0800 JavaThread "GC Daemon" daemon [_thread_blocked, id=3244, stack(0x000000001eea0000,0x000000001efa0000)]
  0x000000001ce09800 JavaThread "RMI RenewClean-[10.30.79.243:45243]" daemon [_thread_blocked, id=4288, stack(0x000000001eda0000,0x000000001eea0000)]
  0x000000001c980800 JavaThread "MySQL Statement Cancellation Timer" daemon [_thread_blocked, id=3808, stack(0x000000001dad0000,0x000000001dbd0000)]
  0x0000000018901800 JavaThread "RMI Scheduler(0)" daemon [_thread_blocked, id=448, stack(0x000000001c800000,0x000000001c900000)]
  0x00000000189b0800 JavaThread "Prism Font Disposer" daemon [_thread_blocked, id=3832, stack(0x000000001c500000,0x000000001c600000)]
  0x0000000018881800 JavaThread "Thread-3" daemon [_thread_in_native, id=1312, stack(0x000000001ae20000,0x000000001af20000)]
  0x0000000018815000 JavaThread "JavaFX-Launcher" [_thread_blocked, id=7032, stack(0x000000001af20000,0x000000001b020000)]
  0x000000001849f000 JavaThread "JavaFX Application Thread" [_thread_blocked, id=6664, stack(0x0000000019390000,0x0000000019490000)]
  0x00000000184c1000 JavaThread "Thread-1" daemon [_thread_blocked, id=6792, stack(0x00000000191a0000,0x00000000192a0000)]
=>0x00000000184c2000 JavaThread "QuantumRenderer-0" daemon [_thread_in_native, id=5072, stack(0x0000000018710000,0x0000000018810000)]
  0x0000000018131800 JavaThread "Service Thread" daemon [_thread_blocked, id=5896, stack(0x0000000018510000,0x0000000018610000)]
  0x00000000168c9800 JavaThread "C1 CompilerThread2" daemon [_thread_blocked, id=4176, stack(0x0000000018010000,0x0000000018110000)]
  0x00000000168c1800 JavaThread "C2 CompilerThread1" daemon [_thread_blocked, id=4900, stack(0x0000000017f10000,0x0000000018010000)]
  0x00000000168bd000 JavaThread "C2 CompilerThread0" daemon [_thread_blocked, id=6900, stack(0x0000000017e10000,0x0000000017f10000)]
  0x00000000168bb800 JavaThread "Attach Listener" daemon [_thread_blocked, id=2456, stack(0x0000000017d10000,0x0000000017e10000)]
  0x00000000168ba800 JavaThread "Signal Dispatcher" daemon [_thread_blocked, id=6152, stack(0x0000000017c10000,0x0000000017d10000)]
  0x0000000001e66000 JavaThread "Finalizer" daemon [_thread_blocked, id=6704, stack(0x0000000017b10000,0x0000000017c10000)]
  0x0000000001e5d000 JavaThread "Reference Handler" daemon [_thread_blocked, id=6700, stack(0x0000000017a10000,0x0000000017b10000)]
  0x0000000001d70800 JavaThread "main" [_thread_blocked, id=4396, stack(0x0000000001c00000,0x0000000001d00000)]

Other Threads:
  0x0000000016887800 VMThread [stack: 0x0000000017910000,0x0000000017a10000] [id=4996]
  0x000000001813a800 WatcherThread [stack: 0x0000000018610000,0x0000000018710000] [id=5676]

VM state:not at safepoint (normal execution)

VM Mutex/Monitor currently owned by a thread: None

Heap:
 PSYoungGen      total 70656K, used 13373K [0x00000000d6600000, 0x00000000db000000, 0x0000000100000000)
  eden space 65536K, 20% used [0x00000000d6600000,0x00000000d730f7d0,0x00000000da600000)
  from space 5120K, 0% used [0x00000000da600000,0x00000000da600000,0x00000000dab00000)
  to   space 5120K, 0% used [0x00000000dab00000,0x00000000dab00000,0x00000000db000000)
 ParOldGen       total 86016K, used 7230K [0x0000000083200000, 0x0000000088600000, 0x00000000d6600000)
  object space 86016K, 8% used [0x0000000083200000,0x000000008390f978,0x0000000088600000)
 Metaspace       used 19793K, capacity 20896K, committed 20992K, reserved 1067008K
  class space    used 2840K, capacity 3062K, committed 3072K, reserved 1048576K

Card table byte_map: [0x0000000011230000,0x0000000011620000] byte_map_base: 0x0000000010e17000

Marking Bits: (ParMarkBitMap*) 0x000000006ae54040
 Begin Bits: [0x0000000011cc0000, 0x0000000013bf8000)
 End Bits:   [0x0000000013bf8000, 0x0000000015b30000)

Polling page: 0x0000000000480000

CodeCache: size=245760Kb used=7343Kb max_used=7343Kb free=238416Kb
 bounds [0x0000000001e70000, 0x00000000025a0000, 0x0000000010e70000]
 total_blobs=2730 nmethods=2052 adapters=591
 compilation: enabled

Compilation events (10 events):
Event: 2.819 Thread 0x00000000168c9800 2052       3       com.sun.prism.paint.Color::getRedPremult (10 bytes)
Event: 2.819 Thread 0x00000000168c9800 nmethod 2052 0x00000000025984d0 code [0x0000000002598620, 0x0000000002598790]
Event: 2.819 Thread 0x00000000168c9800 2051       3       com.sun.prism.paint.Color::getGreenPremult (10 bytes)
Event: 2.820 Thread 0x00000000168c9800 nmethod 2051 0x0000000002598810 code [0x0000000002598960, 0x0000000002598ad0]
Event: 2.826 Thread 0x00000000168c9800 2054   !   3       sun.net.www.ParseUtil::decode (316 bytes)
Event: 2.829 Thread 0x00000000168c9800 nmethod 2054 0x0000000002598f90 code [0x0000000002599480, 0x000000000259cb38]
Event: 2.830 Thread 0x00000000168c9800 2056       3       java.nio.ByteBuffer::hasArray (20 bytes)
Event: 2.830 Thread 0x00000000168c9800 nmethod 2056 0x000000000259ec50 code [0x000000000259eda0, 0x000000000259ef90]
Event: 2.830 Thread 0x00000000168c9800 2055       1       java.nio.charset.CharsetDecoder::charset (5 bytes)
Event: 2.830 Thread 0x00000000168c9800 nmethod 2055 0x000000000259f010 code [0x000000000259f160, 0x000000000259f270]

GC Heap History (8 events):
Event: 1.127 GC heap before
{Heap before GC invocations=1 (full 0):
 PSYoungGen      total 37888K, used 32768K [0x00000000d6600000, 0x00000000d9000000, 0x0000000100000000)
  eden space 32768K, 100% used [0x00000000d6600000,0x00000000d8600000,0x00000000d8600000)
  from space 5120K, 0% used [0x00000000d8b00000,0x00000000d8b00000,0x00000000d9000000)
  to   space 5120K, 0% used [0x00000000d8600000,0x00000000d8600000,0x00000000d8b00000)
 ParOldGen       total 86016K, used 0K [0x0000000083200000, 0x0000000088600000, 0x00000000d6600000)
  object space 86016K, 0% used [0x0000000083200000,0x0000000083200000,0x0000000088600000)
 Metaspace       used 12526K, capacity 13012K, committed 13184K, reserved 1060864K
  class space    used 1685K, capacity 1842K, committed 1920K, reserved 1048576K
Event: 1.139 GC heap after
Heap after GC invocations=1 (full 0):
 PSYoungGen      total 37888K, used 3936K [0x00000000d6600000, 0x00000000db000000, 0x0000000100000000)
  eden space 32768K, 0% used [0x00000000d6600000,0x00000000d6600000,0x00000000d8600000)
  from space 5120K, 76% used [0x00000000d8600000,0x00000000d89d8050,0x00000000d8b00000)
  to   space 5120K, 0% used [0x00000000dab00000,0x00000000dab00000,0x00000000db000000)
 ParOldGen       total 86016K, used 16K [0x0000000083200000, 0x0000000088600000, 0x00000000d6600000)
  object space 86016K, 0% used [0x0000000083200000,0x0000000083204000,0x0000000088600000)
 Metaspace       used 12526K, capacity 13012K, committed 13184K, reserved 1060864K
  class space    used 1685K, capacity 1842K, committed 1920K, reserved 1048576K
}
Event: 1.650 GC heap before
{Heap before GC invocations=2 (full 0):
 PSYoungGen      total 37888K, used 36704K [0x00000000d6600000, 0x00000000db000000, 0x0000000100000000)
  eden space 32768K, 100% used [0x00000000d6600000,0x00000000d8600000,0x00000000d8600000)
  from space 5120K, 76% used [0x00000000d8600000,0x00000000d89d8050,0x00000000d8b00000)
  to   space 5120K, 0% used [0x00000000dab00000,0x00000000dab00000,0x00000000db000000)
 ParOldGen       total 86016K, used 16K [0x0000000083200000, 0x0000000088600000, 0x00000000d6600000)
  object space 86016K, 0% used [0x0000000083200000,0x0000000083204000,0x0000000088600000)
 Metaspace       used 13998K, capacity 14784K, committed 14976K, reserved 1062912K
  class space    used 1915K, capacity 2088K, committed 2176K, reserved 1048576K
Event: 1.658 GC heap after
Heap after GC invocations=2 (full 0):
 PSYoungGen      total 70656K, used 4720K [0x00000000d6600000, 0x00000000db000000, 0x0000000100000000)
  eden space 65536K, 0% used [0x00000000d6600000,0x00000000d6600000,0x00000000da600000)
  from space 5120K, 92% used [0x00000000dab00000,0x00000000daf9c050,0x00000000db000000)
  to   space 5120K, 0% used [0x00000000da600000,0x00000000da600000,0x00000000dab00000)
 ParOldGen       total 86016K, used 88K [0x0000000083200000, 0x0000000088600000, 0x00000000d6600000)
  object space 86016K, 0% used [0x0000000083200000,0x0000000083216010,0x0000000088600000)
 Metaspace       used 13998K, capacity 14784K, committed 14976K, reserved 1062912K
  class space    used 1915K, capacity 2088K, committed 2176K, reserved 1048576K
}
Event: 2.272 GC heap before
{Heap before GC invocations=3 (full 0):
 PSYoungGen      total 70656K, used 30622K [0x00000000d6600000, 0x00000000db000000, 0x0000000100000000)
  eden space 65536K, 39% used [0x00000000d6600000,0x00000000d7f4b7f0,0x00000000da600000)
  from space 5120K, 92% used [0x00000000dab00000,0x00000000daf9c050,0x00000000db000000)
  to   space 5120K, 0% used [0x00000000da600000,0x00000000da600000,0x00000000dab00000)
 ParOldGen       total 86016K, used 88K [0x0000000083200000, 0x0000000088600000, 0x00000000d6600000)
  object space 86016K, 0% used [0x0000000083200000,0x0000000083216010,0x0000000088600000)
 Metaspace       used 16122K, capacity 17052K, committed 17152K, reserved 1064960K
  class space    used 2096K, capacity 2292K, committed 2304K, reserved 1048576K
Event: 2.285 GC heap after
Heap after GC invocations=3 (full 0):
 PSYoungGen      total 70656K, used 5107K [0x00000000d6600000, 0x00000000db000000, 0x0000000100000000)
  eden space 65536K, 0% used [0x00000000d6600000,0x00000000d6600000,0x00000000da600000)
  from space 5120K, 99% used [0x00000000da600000,0x00000000daafcfe0,0x00000000dab00000)
  to   space 5120K, 0% used [0x00000000dab00000,0x00000000dab00000,0x00000000db000000)
 ParOldGen       total 86016K, used 2200K [0x0000000083200000, 0x0000000088600000, 0x00000000d6600000)
  object space 86016K, 2% used [0x0000000083200000,0x0000000083426218,0x0000000088600000)
 Metaspace       used 16122K, capacity 17052K, committed 17152K, reserved 1064960K
  class space    used 2096K, capacity 2292K, committed 2304K, reserved 1048576K
}
Event: 2.285 GC heap before
{Heap before GC invocations=4 (full 1):
 PSYoungGen      total 70656K, used 5107K [0x00000000d6600000, 0x00000000db000000, 0x0000000100000000)
  eden space 65536K, 0% used [0x00000000d6600000,0x00000000d6600000,0x00000000da600000)
  from space 5120K, 99% used [0x00000000da600000,0x00000000daafcfe0,0x00000000dab00000)
  to   space 5120K, 0% used [0x00000000dab00000,0x00000000dab00000,0x00000000db000000)
 ParOldGen       total 86016K, used 2200K [0x0000000083200000, 0x0000000088600000, 0x00000000d6600000)
  object space 86016K, 2% used [0x0000000083200000,0x0000000083426218,0x0000000088600000)
 Metaspace       used 16122K, capacity 17052K, committed 17152K, reserved 1064960K
  class space    used 2096K, capacity 2292K, committed 2304K, reserved 1048576K
Event: 2.349 GC heap after
Heap after GC invocations=4 (full 1):
 PSYoungGen      total 70656K, used 0K [0x00000000d6600000, 0x00000000db000000, 0x0000000100000000)
  eden space 65536K, 0% used [0x00000000d6600000,0x00000000d6600000,0x00000000da600000)
  from space 5120K, 0% used [0x00000000da600000,0x00000000da600000,0x00000000dab00000)
  to   space 5120K, 0% used [0x00000000dab00000,0x00000000dab00000,0x00000000db000000)
 ParOldGen       total 86016K, used 7230K [0x0000000083200000, 0x0000000088600000, 0x00000000d6600000)
  object space 86016K, 8% used [0x0000000083200000,0x000000008390f978,0x0000000088600000)
 Metaspace       used 16122K, capacity 17052K, committed 17152K, reserved 1064960K
  class space    used 2096K, capacity 2292K, committed 2304K, reserved 1048576K
}

Deoptimization events (10 events):
Event: 2.564 Thread 0x000000001849f000 Uncommon trap: reason=class_check action=maybe_recompile pc=0x00000000020d3e20 method=java.io.DataInputStream.readShort()S @ 4
Event: 2.564 Thread 0x000000001849f000 Uncommon trap: reason=class_check action=maybe_recompile pc=0x00000000020d3e20 method=java.io.DataInputStream.readShort()S @ 4
Event: 2.573 Thread 0x000000001849f000 Uncommon trap: reason=class_check action=maybe_recompile pc=0x0000000001f99630 method=java.lang.String.equals(Ljava/lang/Object;)Z @ 8
Event: 2.573 Thread 0x000000001849f000 Uncommon trap: reason=class_check action=maybe_recompile pc=0x0000000001f99630 method=java.lang.String.equals(Ljava/lang/Object;)Z @ 8
Event: 2.573 Thread 0x000000001849f000 Uncommon trap: reason=class_check action=maybe_recompile pc=0x0000000001f99630 method=java.lang.String.equals(Ljava/lang/Object;)Z @ 8
Event: 2.576 Thread 0x000000001849f000 Uncommon trap: reason=class_check action=maybe_recompile pc=0x0000000001f99630 method=java.lang.String.equals(Ljava/lang/Object;)Z @ 8
Event: 2.594 Thread 0x000000001849f000 Uncommon trap: reason=unstable_if action=reinterpret pc=0x00000000024d6da0 method=javafx.beans.property.ObjectPropertyBase.get()Ljava/lang/Object; @ 9
Event: 2.607 Thread 0x000000001849f000 Uncommon trap: reason=unstable_if action=reinterpret pc=0x00000000024f8ba4 method=java.net.URL.<init>(Ljava/net/URL;Ljava/lang/String;Ljava/net/URLStreamHandler;)V @ 347
Event: 2.637 Thread 0x000000001849f000 Uncommon trap: reason=unstable_if action=reinterpret pc=0x00000000024f42ac method=java.lang.ClassLoader.checkName(Ljava/lang/String;)Z @ 20
Event: 2.736 Thread 0x000000001849f000 Uncommon trap: reason=unstable_if action=reinterpret pc=0x00000000023696e8 method=jdk.internal.org.objectweb.asm.Type.getArgumentsAndReturnSizes(Ljava/lang/String;)I @ 47

Internal exceptions (10 events):
Event: 2.373 Thread 0x0000000001e66000 Exception <a 'java/net/SocketException': Socket closed> (0x00000000d67864b0) thrown at [D:\re\workspace\8-2-build-windows-amd64-cygwin\jdk8u40\3098\hotspot\src\share\vm\prims\jni.cpp, line 735]
Event: 2.373 Thread 0x0000000001e66000 Exception <a 'java/net/SocketException': Socket closed> (0x00000000d678fa00) thrown at [D:\re\workspace\8-2-build-windows-amd64-cygwin\jdk8u40\3098\hotspot\src\share\vm\prims\jni.cpp, line 735]
Event: 2.373 Thread 0x0000000001e66000 Exception <a 'java/net/SocketException': Socket closed> (0x00000000d6798f50) thrown at [D:\re\workspace\8-2-build-windows-amd64-cygwin\jdk8u40\3098\hotspot\src\share\vm\prims\jni.cpp, line 735]
Event: 2.374 Thread 0x0000000001e66000 Exception <a 'java/net/SocketException': Socket closed> (0x00000000d67a24a0) thrown at [D:\re\workspace\8-2-build-windows-amd64-cygwin\jdk8u40\3098\hotspot\src\share\vm\prims\jni.cpp, line 735]
Event: 2.374 Thread 0x0000000001e66000 Exception <a 'java/net/SocketException': Socket closed> (0x00000000d67ab9f0) thrown at [D:\re\workspace\8-2-build-windows-amd64-cygwin\jdk8u40\3098\hotspot\src\share\vm\prims\jni.cpp, line 735]
Event: 2.374 Thread 0x0000000001e66000 Exception <a 'java/net/SocketException': Socket closed> (0x00000000d67b4f40) thrown at [D:\re\workspace\8-2-build-windows-amd64-cygwin\jdk8u40\3098\hotspot\src\share\vm\prims\jni.cpp, line 735]
Event: 2.375 Thread 0x0000000001e66000 Exception <a 'java/net/SocketException': Socket closed> (0x00000000d67be490) thrown at [D:\re\workspace\8-2-build-windows-amd64-cygwin\jdk8u40\3098\hotspot\src\share\vm\prims\jni.cpp, line 735]
Event: 2.441 Thread 0x000000001849f000 Implicit null exception at 0x0000000002154b75 to 0x0000000002154d85
Event: 2.442 Thread 0x000000001849f000 Implicit null exception at 0x0000000002361a58 to 0x0000000002361ae6
Event: 2.446 Thread 0x000000001849f000 Implicit null exception at 0x000000000214e8ef to 0x000000000214e959

Events (10 events):
Event: 2.824 loading class com/sun/prism/impl/GlyphCache
Event: 2.824 loading class com/sun/prism/impl/GlyphCache done
Event: 2.826 loading class com/sun/prism/shader/Solid_TextureFirstPassLCD_Loader
Event: 2.826 loading class com/sun/prism/shader/Solid_TextureFirstPassLCD_Loader done
Event: 2.827 loading class com/sun/prism/shader/Solid_TextureSecondPassLCD_Loader
Event: 2.827 loading class com/sun/prism/shader/Solid_TextureSecondPassLCD_Loader done
Event: 2.828 loading class com/sun/prism/impl/GlyphCache$GlyphData
Event: 2.828 loading class com/sun/prism/impl/GlyphCache$GlyphData done
Event: 2.828 loading class com/sun/javafx/font/directwrite/IDWriteGlyphRunAnalysis
Event: 2.828 loading class com/sun/javafx/font/directwrite/IDWriteGlyphRunAnalysis done


Dynamic libraries:
0x00007ff7e6e90000 - 0x00007ff7e6ec7000 	C:\Program Files\Java\jre1.8.0_40\bin\javaw.exe
0x00007ffe8e330000 - 0x00007ffe8e4dc000 	C:\Windows\SYSTEM32\ntdll.dll
0x00007ffe8d890000 - 0x00007ffe8d9ce000 	C:\Windows\system32\KERNEL32.DLL
0x00007ffe8b7e0000 - 0x00007ffe8b8f5000 	C:\Windows\system32\KERNELBASE.dll
0x00007ffe89a50000 - 0x00007ffe89ade000 	C:\Windows\system32\apphelp.dll
0x00007ffe82690000 - 0x00007ffe826e3000 	C:\Windows\AppPatch\AppPatch64\AcGenral.DLL
0x00007ffe8c1f0000 - 0x00007ffe8c29a000 	C:\Windows\system32\msvcrt.dll
0x00007ffe8b2b0000 - 0x00007ffe8b2de000 	C:\Windows\SYSTEM32\SspiCli.dll
0x00007ffe8c190000 - 0x00007ffe8c1e4000 	C:\Windows\system32\SHLWAPI.dll
0x00007ffe8bd60000 - 0x00007ffe8bed7000 	C:\Windows\system32\USER32.dll
0x00007ffe8df10000 - 0x00007ffe8e0a4000 	C:\Windows\system32\ole32.dll
0x00007ffe8c360000 - 0x00007ffe8d878000 	C:\Windows\system32\SHELL32.dll
0x00007ffe8aa10000 - 0x00007ffe8aa31000 	C:\Windows\SYSTEM32\USERENV.dll
0x00007ffe8bcb0000 - 0x00007ffe8bd5a000 	C:\Windows\system32\ADVAPI32.dll
0x00007ffe80920000 - 0x00007ffe8093e000 	C:\Windows\SYSTEM32\MPR.dll
0x00007ffe8d9d0000 - 0x00007ffe8db11000 	C:\Windows\system32\RPCRT4.dll
0x00007ffe8c130000 - 0x00007ffe8c189000 	C:\Windows\SYSTEM32\sechost.dll
0x00007ffe8e0b0000 - 0x00007ffe8e2c1000 	C:\Windows\SYSTEM32\combase.dll
0x00007ffe8dc50000 - 0x00007ffe8dda1000 	C:\Windows\system32\GDI32.dll
0x00007ffe8b480000 - 0x00007ffe8b495000 	C:\Windows\SYSTEM32\profapi.dll
0x00007ffe86d90000 - 0x00007ffe86e42000 	C:\Windows\SYSTEM32\SHCORE.dll
0x00007ffe8e2f0000 - 0x00007ffe8e326000 	C:\Windows\system32\IMM32.DLL
0x00007ffe8ddb0000 - 0x00007ffe8df02000 	C:\Windows\system32\MSCTF.dll
0x00007ffe8a520000 - 0x00007ffe8a79b000 	C:\Windows\WinSxS\amd64_microsoft.windows.common-controls_6595b64144ccf1df_6.0.9600.17415_none_6240486fecbd8abb\COMCTL32.dll
0x000000006a2b0000 - 0x000000006a382000 	C:\Program Files\Java\jre1.8.0_40\bin\msvcr100.dll
0x000000006a650000 - 0x000000006aed3000 	C:\Program Files\Java\jre1.8.0_40\bin\server\jvm.dll
0x00007ffe78970000 - 0x00007ffe78979000 	C:\Windows\SYSTEM32\WSOCK32.dll
0x00007ffe7fdf0000 - 0x00007ffe7fe12000 	C:\Windows\SYSTEM32\WINMM.dll
0x00007ffe8a4c0000 - 0x00007ffe8a4ca000 	C:\Windows\SYSTEM32\VERSION.dll
0x00007ffe8c120000 - 0x00007ffe8c127000 	C:\Windows\system32\PSAPI.DLL
0x00007ffe8db20000 - 0x00007ffe8db7a000 	C:\Windows\system32\WS2_32.dll
0x00007ffe7fdc0000 - 0x00007ffe7fdea000 	C:\Windows\SYSTEM32\WINMMBASE.dll
0x00007ffe8bc30000 - 0x00007ffe8bc39000 	C:\Windows\system32\NSI.dll
0x00007ffe8b790000 - 0x00007ffe8b7df000 	C:\Windows\SYSTEM32\cfgmgr32.dll
0x00007ffe89cc0000 - 0x00007ffe89ce8000 	C:\Windows\SYSTEM32\DEVOBJ.dll
0x000000006a640000 - 0x000000006a64f000 	C:\Program Files\Java\jre1.8.0_40\bin\verify.dll
0x000000006a610000 - 0x000000006a639000 	C:\Program Files\Java\jre1.8.0_40\bin\java.dll
0x000000006a5f0000 - 0x000000006a606000 	C:\Program Files\Java\jre1.8.0_40\bin\zip.dll
0x000000006a280000 - 0x000000006a2ac000 	C:\Program Files\Java\jre1.8.0_40\bin\prism_d3d.dll
0x00007ffe80c30000 - 0x00007ffe80e51000 	C:\Windows\system32\d3d9.dll
0x00007ffe86b60000 - 0x00007ffe86b81000 	C:\Windows\SYSTEM32\dwmapi.dll
0x00007ffe89b20000 - 0x00007ffe89c49000 	C:\Windows\system32\uxtheme.dll
0x0000000180000000 - 0x0000000180806000 	C:\Windows\SYSTEM32\igdumd64.dll
0x000000006a230000 - 0x000000006a271000 	C:\Program Files\Java\jre1.8.0_40\bin\glass.dll
0x00007ffe8c2a0000 - 0x00007ffe8c356000 	C:\Windows\system32\COMDLG32.dll
0x00007ffe8bb60000 - 0x00007ffe8bc21000 	C:\Windows\system32\OLEAUT32.dll
0x00007ffe7fe30000 - 0x00007ffe7fedb000 	C:\Program Files\Common Files\microsoft shared\ink\tiptsf.dll
0x00007ffe89cf0000 - 0x00007ffe89cfb000 	C:\Windows\SYSTEM32\kernel.appcore.dll
0x00007ffe8b350000 - 0x00007ffe8b35b000 	C:\Windows\SYSTEM32\CRYPTBASE.dll
0x00007ffe8b2e0000 - 0x00007ffe8b343000 	C:\Windows\SYSTEM32\bcryptPrimitives.dll
0x000000006a210000 - 0x000000006a225000 	C:\Program Files\Java\jre1.8.0_40\bin\javafx_font.dll
0x00007ffe85520000 - 0x00007ffe8570e000 	C:\Windows\SYSTEM32\dwrite.dll
0x00007ffe8ad40000 - 0x00007ffe8ad60000 	C:\Windows\SYSTEM32\CRYPTSP.dll
0x00007ffe8a920000 - 0x00007ffe8a956000 	C:\Windows\system32\rsaenh.dll
0x00007ffe8afa0000 - 0x00007ffe8afc6000 	C:\Windows\SYSTEM32\bcrypt.dll
0x000000006a5d0000 - 0x000000006a5ea000 	C:\Program Files\Java\jre1.8.0_40\bin\net.dll
0x00007ffe8ace0000 - 0x00007ffe8ad39000 	C:\Windows\system32\mswsock.dll
0x00007ffe882c0000 - 0x00007ffe882ea000 	C:\Windows\SYSTEM32\IPHLPAPI.DLL
0x00007ffe882b0000 - 0x00007ffe882ba000 	C:\Windows\SYSTEM32\WINNSI.DLL
0x00007ffe87880000 - 0x00007ffe87896000 	C:\Windows\SYSTEM32\dhcpcsvc6.DLL
0x00007ffe87910000 - 0x00007ffe8792a000 	C:\Windows\SYSTEM32\dhcpcsvc.DLL
0x000000006a5b0000 - 0x000000006a5c1000 	C:\Program Files\Java\jre1.8.0_40\bin\nio.dll
0x00007ffe80840000 - 0x00007ffe80855000 	C:\Windows\system32\napinsp.dll
0x00007ffe808e0000 - 0x00007ffe808fa000 	C:\Windows\system32\pnrpnsp.dll
0x00007ffe89740000 - 0x00007ffe8975b000 	C:\Windows\system32\NLAapi.dll
0x00007ffe8ab60000 - 0x00007ffe8ac04000 	C:\Windows\SYSTEM32\DNSAPI.dll
0x00007ffe80900000 - 0x00007ffe8090d000 	C:\Windows\System32\winrnr.dll
0x00007ffe80940000 - 0x00007ffe80954000 	C:\Windows\system32\wshbth.dll
0x00007ffe832b0000 - 0x00007ffe832ba000 	C:\Windows\System32\rasadhlp.dll
0x00007ffe877c0000 - 0x00007ffe8782b000 	C:\Windows\System32\fwpuclnt.dll
0x00007ffe8db90000 - 0x00007ffe8dc46000 	C:\Windows\SYSTEM32\clbcatq.dll
0x00007ffe86500000 - 0x00007ffe866ae000 	C:\Windows\SYSTEM32\WindowsCodecs.dll
0x00007ffe70790000 - 0x00007ffe707be000 	C:\Program Files\Common Files\Microsoft Shared\Ink\rtscom.dll
0x00007ffe85350000 - 0x00007ffe853ba000 	C:\Windows\SYSTEM32\oleacc.dll
0x000000006a1f0000 - 0x000000006a201000 	C:\Program Files\Java\jre1.8.0_40\bin\prism_common.dll
0x00007ffe89090000 - 0x00007ffe8921a000 	C:\Windows\SYSTEM32\dbghelp.dll

VM Arguments:
jvm_args: -Dfile.encoding=Cp1252 
java_command: view.MainView
java_class_path (initial): C:\Users\anish_000\Documents\COM S 309\Git\team-11\GameClient\bin;C:\Users\anish_000\Documents\eclipse\plugins\org.eclipse.fx.ide.css.jfx8_1.2.0.201501301049.jar;C:\Users\anish_000\Documents\COM S 309\Git\team-11\main\SuperAwsomeCardGame\bin;C:\Users\anish_000\Documents\eclipse\plugins\org.junit_4.11.0.v201303080030\junit.jar;C:\Users\anish_000\Documents\eclipse\plugins\org.hamcrest.core_1.3.0.v201303031735.jar;C:\Users\anish_000\Documents\COM S 309\Git\team-11\main\SuperAwsomeCardGame\src\lib\mysql-connector-java-5.0.5.jar
Launcher Type: SUN_STANDARD

Environment Variables:
PATH=C:/Program Files/Java/jre1.8.0_40/bin/server;C:/Program Files/Java/jre1.8.0_40/bin;C:/Program Files/Java/jre1.8.0_40/lib/amd64;C:\ProgramData\Oracle\Java\javapath;C:\Windows\system32;C:\Windows;C:\Windows\System32\Wbem;C:\Windows\System32\WindowsPowerShell\v1.0\;C:\Program Files\OpenVPN\bin;C:\Program Files (x86)\QuickTime\QTSystem\;C:\Program Files (x86)\Windows Kits\8.1\Windows Performance Toolkit\;C:\Program Files\Microsoft SQL Server\110\Tools\Binn\;C:\Program Files (x86)\Microsoft SDKs\TypeScript\1.0\;C:\Program Files\Microsoft SQL Server\120\Tools\Binn\;C:\Users\anish_000\Documents\eclipse;
USERNAME=anish_000
OS=Windows_NT
PROCESSOR_IDENTIFIER=Intel64 Family 6 Model 37 Stepping 5, GenuineIntel



---------------  S Y S T E M  ---------------

OS: Windows 8.1 , 64 bit Build 9600 (6.3.9600.17415)

CPU:total 4 (2 cores per cpu, 2 threads per core) family 6 model 37 stepping 5, cmov, cx8, fxsr, mmx, sse, sse2, sse3, ssse3, sse4.1, sse4.2, popcnt, aes, clmul, ht, tsc, tscinvbit

Memory: 4k page, physical 8179368k(4613464k free), swap 9490088k(4603600k free)

vm_info: Java HotSpot(TM) 64-Bit Server VM (25.40-b25) for windows-amd64 JRE (1.8.0_40-b26), built on Mar  7 2015 13:51:59 by "java_re" with MS VC++ 10.0 (VS2010)

time: Thu Apr 23 08:03:51 2015
elapsed time: 2 seconds (0d 0h 0m 2s)

